2017-03-11 21:52:37.794  INFO 4224 --- [main] br.com.intro.Main                        : Starting Main on AVELL-155-V3 with PID 4224 (C:\Users\Avell\Documents\workspace-sts-3.8.3.RELEASE\Intro\target\classes started by Avell in C:\Users\Avell\Documents\workspace-sts-3.8.3.RELEASE\Intro)
2017-03-11 21:52:37.794  INFO 4224 --- [main] br.com.intro.Main                        : No active profile set, falling back to default profiles: default
2017-03-11 21:52:37.910  INFO 4224 --- [main] ationConfigEmbeddedWebApplicationContext : Refreshing org.springframework.boot.context.embedded.AnnotationConfigEmbeddedWebApplicationContext@7bedc48a: startup date [Sat Mar 11 21:52:37 BRT 2017]; root of context hierarchy
2017-03-11 21:52:40.023  INFO 4224 --- [main] o.s.b.f.config.PropertiesFactoryBean     : Loading properties file from URL [jar:file:/C:/Users/Avell/.m2/repository/org/springframework/integration/spring-integration-core/4.3.5.RELEASE/spring-integration-core-4.3.5.RELEASE.jar!/META-INF/spring.integration.default.properties]
2017-03-11 21:52:40.038  INFO 4224 --- [main] o.s.i.config.IntegrationRegistrar        : No bean named 'integrationHeaderChannelRegistry' has been explicitly defined. Therefore, a default DefaultHeaderChannelRegistry will be created.
2017-03-11 21:52:40.571  INFO 4224 --- [main] faultConfiguringBeanFactoryPostProcessor : No bean named 'errorChannel' has been explicitly defined. Therefore, a default PublishSubscribeChannel will be created.
2017-03-11 21:52:40.581  INFO 4224 --- [main] faultConfiguringBeanFactoryPostProcessor : No bean named 'taskScheduler' has been explicitly defined. Therefore, a default ThreadPoolTaskScheduler will be created.
2017-03-11 21:52:40.837  INFO 4224 --- [main] trationDelegate$BeanPostProcessorChecker : Bean 'org.springframework.transaction.annotation.ProxyTransactionManagementConfiguration' of type [class org.springframework.transaction.annotation.ProxyTransactionManagementConfiguration$$EnhancerBySpringCGLIB$$5c075b14] is not eligible for getting processed by all BeanPostProcessors (for example: not eligible for auto-proxying)
2017-03-11 21:52:40.937  INFO 4224 --- [main] trationDelegate$BeanPostProcessorChecker : Bean 'org.springframework.cache.annotation.ProxyCachingConfiguration' of type [class org.springframework.cache.annotation.ProxyCachingConfiguration$$EnhancerBySpringCGLIB$$a5199132] is not eligible for getting processed by all BeanPostProcessors (for example: not eligible for auto-proxying)
2017-03-11 21:52:40.975  INFO 4224 --- [main] trationDelegate$BeanPostProcessorChecker : Bean 'org.springframework.boot.autoconfigure.cache.CacheAutoConfiguration' of type [class org.springframework.boot.autoconfigure.cache.CacheAutoConfiguration$$EnhancerBySpringCGLIB$$998d55d6] is not eligible for getting processed by all BeanPostProcessors (for example: not eligible for auto-proxying)
2017-03-11 21:52:41.224  INFO 4224 --- [main] trationDelegate$BeanPostProcessorChecker : Bean 'spring.cache-org.springframework.boot.autoconfigure.cache.CacheProperties' of type [class org.springframework.boot.autoconfigure.cache.CacheProperties] is not eligible for getting processed by all BeanPostProcessors (for example: not eligible for auto-proxying)
2017-03-11 21:52:41.240  INFO 4224 --- [main] trationDelegate$BeanPostProcessorChecker : Bean 'org.springframework.boot.autoconfigure.cache.CacheManagerCustomizers' of type [class org.springframework.boot.autoconfigure.cache.CacheManagerCustomizers] is not eligible for getting processed by all BeanPostProcessors (for example: not eligible for auto-proxying)
2017-03-11 21:52:41.256  INFO 4224 --- [main] trationDelegate$BeanPostProcessorChecker : Bean 'org.springframework.boot.autoconfigure.cache.GuavaCacheConfiguration' of type [class org.springframework.boot.autoconfigure.cache.GuavaCacheConfiguration$$EnhancerBySpringCGLIB$$f12a8e73] is not eligible for getting processed by all BeanPostProcessors (for example: not eligible for auto-proxying)
2017-03-11 21:52:41.279  INFO 4224 --- [main] trationDelegate$BeanPostProcessorChecker : Bean 'cacheManager' of type [class org.springframework.cache.guava.GuavaCacheManager] is not eligible for getting processed by all BeanPostProcessors (for example: not eligible for auto-proxying)
2017-03-11 21:52:41.280  INFO 4224 --- [main] trationDelegate$BeanPostProcessorChecker : Bean 'cacheAutoConfigurationValidator' of type [class org.springframework.boot.autoconfigure.cache.CacheAutoConfiguration$CacheManagerValidator] is not eligible for getting processed by all BeanPostProcessors (for example: not eligible for auto-proxying)
2017-03-11 21:52:41.462  INFO 4224 --- [main] o.s.b.f.config.PropertiesFactoryBean     : Loading properties file from URL [jar:file:/C:/Users/Avell/.m2/repository/org/springframework/integration/spring-integration-core/4.3.5.RELEASE/spring-integration-core-4.3.5.RELEASE.jar!/META-INF/spring.integration.default.properties]
2017-03-11 21:52:41.494  INFO 4224 --- [main] trationDelegate$BeanPostProcessorChecker : Bean 'integrationGlobalProperties' of type [class org.springframework.beans.factory.config.PropertiesFactoryBean] is not eligible for getting processed by all BeanPostProcessors (for example: not eligible for auto-proxying)
2017-03-11 21:52:41.498  INFO 4224 --- [main] trationDelegate$BeanPostProcessorChecker : Bean 'integrationGlobalProperties' of type [class java.util.Properties] is not eligible for getting processed by all BeanPostProcessors (for example: not eligible for auto-proxying)
2017-03-11 21:52:42.488  INFO 4224 --- [main] s.b.c.e.t.TomcatEmbeddedServletContainer : Tomcat initialized with port(s): 8080 (http)
2017-03-11 21:52:42.511  INFO 4224 --- [main] o.apache.catalina.core.StandardService   : Starting service Tomcat
2017-03-11 21:52:42.515  INFO 4224 --- [main] org.apache.catalina.core.StandardEngine  : Starting Servlet Engine: Apache Tomcat/8.5.6
2017-03-11 21:52:42.746  INFO 4224 --- [localhost-startStop-1] o.a.c.c.C.[Tomcat].[localhost].[/]       : Initializing Spring embedded WebApplicationContext
2017-03-11 21:52:42.749  INFO 4224 --- [localhost-startStop-1] o.s.web.context.ContextLoader            : Root WebApplicationContext: initialization completed in 4855 ms
2017-03-11 21:52:43.098  INFO 4224 --- [localhost-startStop-1] o.s.b.w.servlet.ServletRegistrationBean  : Mapping servlet: 'dispatcherServlet' to [/]
2017-03-11 21:52:43.107  INFO 4224 --- [localhost-startStop-1] o.s.b.w.servlet.FilterRegistrationBean   : Mapping filter: 'characterEncodingFilter' to: [/*]
2017-03-11 21:52:43.108  INFO 4224 --- [localhost-startStop-1] o.s.b.w.servlet.FilterRegistrationBean   : Mapping filter: 'hiddenHttpMethodFilter' to: [/*]
2017-03-11 21:52:43.111  INFO 4224 --- [localhost-startStop-1] o.s.b.w.servlet.FilterRegistrationBean   : Mapping filter: 'httpPutFormContentFilter' to: [/*]
2017-03-11 21:52:43.112  INFO 4224 --- [localhost-startStop-1] o.s.b.w.servlet.FilterRegistrationBean   : Mapping filter: 'requestContextFilter' to: [/*]
2017-03-11 21:52:43.550  INFO 4224 --- [main] j.LocalContainerEntityManagerFactoryBean : Building JPA container EntityManagerFactory for persistence unit 'default'
2017-03-11 21:52:44.917  WARN 4224 --- [main] ationConfigEmbeddedWebApplicationContext : Exception encountered during context initialization - cancelling refresh attempt: org.springframework.beans.factory.BeanCreationException: Error creating bean with name 'entityManagerFactory' defined in class path resource [org/springframework/boot/autoconfigure/orm/jpa/HibernateJpaAutoConfiguration.class]: Invocation of init method failed; nested exception is javax.persistence.PersistenceException: [PersistenceUnit: default] Unable to build Hibernate SessionFactory
2017-03-11 21:52:44.932  INFO 4224 --- [main] o.apache.catalina.core.StandardService   : Stopping service Tomcat
2017-03-11 21:52:44.955  INFO 4224 --- [main] utoConfigurationReportLoggingInitializer : 

Error starting ApplicationContext. To display the auto-configuration report re-run your application with 'debug' enabled.
2017-03-11 21:52:44.971 ERROR 4224 --- [main] o.s.boot.SpringApplication               : Application startup failed

org.springframework.beans.factory.BeanCreationException: Error creating bean with name 'entityManagerFactory' defined in class path resource [org/springframework/boot/autoconfigure/orm/jpa/HibernateJpaAutoConfiguration.class]: Invocation of init method failed; nested exception is javax.persistence.PersistenceException: [PersistenceUnit: default] Unable to build Hibernate SessionFactory
	at org.springframework.beans.factory.support.AbstractAutowireCapableBeanFactory.initializeBean(AbstractAutowireCapableBeanFactory.java:1583) ~[spring-beans-4.3.4.RELEASE.jar:4.3.4.RELEASE]
	at org.springframework.beans.factory.support.AbstractAutowireCapableBeanFactory.doCreateBean(AbstractAutowireCapableBeanFactory.java:553) ~[spring-beans-4.3.4.RELEASE.jar:4.3.4.RELEASE]
	at org.springframework.beans.factory.support.AbstractAutowireCapableBeanFactory.createBean(AbstractAutowireCapableBeanFactory.java:482) ~[spring-beans-4.3.4.RELEASE.jar:4.3.4.RELEASE]
	at org.springframework.beans.factory.support.AbstractBeanFactory$1.getObject(AbstractBeanFactory.java:306) ~[spring-beans-4.3.4.RELEASE.jar:4.3.4.RELEASE]
	at org.springframework.beans.factory.support.DefaultSingletonBeanRegistry.getSingleton(DefaultSingletonBeanRegistry.java:230) ~[spring-beans-4.3.4.RELEASE.jar:4.3.4.RELEASE]
	at org.springframework.beans.factory.support.AbstractBeanFactory.doGetBean(AbstractBeanFactory.java:302) ~[spring-beans-4.3.4.RELEASE.jar:4.3.4.RELEASE]
	at org.springframework.beans.factory.support.AbstractBeanFactory.getBean(AbstractBeanFactory.java:197) ~[spring-beans-4.3.4.RELEASE.jar:4.3.4.RELEASE]
	at org.springframework.context.support.AbstractApplicationContext.getBean(AbstractApplicationContext.java:1081) ~[spring-context-4.3.4.RELEASE.jar:4.3.4.RELEASE]
	at org.springframework.context.support.AbstractApplicationContext.finishBeanFactoryInitialization(AbstractApplicationContext.java:856) ~[spring-context-4.3.4.RELEASE.jar:4.3.4.RELEASE]
	at org.springframework.context.support.AbstractApplicationContext.refresh(AbstractApplicationContext.java:542) ~[spring-context-4.3.4.RELEASE.jar:4.3.4.RELEASE]
	at org.springframework.boot.context.embedded.EmbeddedWebApplicationContext.refresh(EmbeddedWebApplicationContext.java:122) ~[spring-boot-1.4.2.RELEASE.jar:1.4.2.RELEASE]
	at org.springframework.boot.SpringApplication.refresh(SpringApplication.java:761) [spring-boot-1.4.2.RELEASE.jar:1.4.2.RELEASE]
	at org.springframework.boot.SpringApplication.refreshContext(SpringApplication.java:371) [spring-boot-1.4.2.RELEASE.jar:1.4.2.RELEASE]
	at org.springframework.boot.SpringApplication.run(SpringApplication.java:315) [spring-boot-1.4.2.RELEASE.jar:1.4.2.RELEASE]
	at org.springframework.boot.SpringApplication.run(SpringApplication.java:1186) [spring-boot-1.4.2.RELEASE.jar:1.4.2.RELEASE]
	at org.springframework.boot.SpringApplication.run(SpringApplication.java:1175) [spring-boot-1.4.2.RELEASE.jar:1.4.2.RELEASE]
	at br.com.intro.Main.main(Main.java:12) [classes/:na]
Caused by: javax.persistence.PersistenceException: [PersistenceUnit: default] Unable to build Hibernate SessionFactory
	at org.hibernate.jpa.boot.internal.EntityManagerFactoryBuilderImpl.persistenceException(EntityManagerFactoryBuilderImpl.java:954) ~[hibernate-entitymanager-5.0.11.Final.jar:5.0.11.Final]
	at org.hibernate.jpa.boot.internal.EntityManagerFactoryBuilderImpl.build(EntityManagerFactoryBuilderImpl.java:882) ~[hibernate-entitymanager-5.0.11.Final.jar:5.0.11.Final]
	at org.springframework.orm.jpa.vendor.SpringHibernateJpaPersistenceProvider.createContainerEntityManagerFactory(SpringHibernateJpaPersistenceProvider.java:60) ~[spring-orm-4.3.4.RELEASE.jar:4.3.4.RELEASE]
	at org.springframework.orm.jpa.LocalContainerEntityManagerFactoryBean.createNativeEntityManagerFactory(LocalContainerEntityManagerFactoryBean.java:353) ~[spring-orm-4.3.4.RELEASE.jar:4.3.4.RELEASE]
	at org.springframework.orm.jpa.AbstractEntityManagerFactoryBean.buildNativeEntityManagerFactory(AbstractEntityManagerFactoryBean.java:373) ~[spring-orm-4.3.4.RELEASE.jar:4.3.4.RELEASE]
	at org.springframework.orm.jpa.AbstractEntityManagerFactoryBean.afterPropertiesSet(AbstractEntityManagerFactoryBean.java:362) ~[spring-orm-4.3.4.RELEASE.jar:4.3.4.RELEASE]
	at org.springframework.beans.factory.support.AbstractAutowireCapableBeanFactory.invokeInitMethods(AbstractAutowireCapableBeanFactory.java:1642) ~[spring-beans-4.3.4.RELEASE.jar:4.3.4.RELEASE]
	at org.springframework.beans.factory.support.AbstractAutowireCapableBeanFactory.initializeBean(AbstractAutowireCapableBeanFactory.java:1579) ~[spring-beans-4.3.4.RELEASE.jar:4.3.4.RELEASE]
	... 16 common frames omitted
Caused by: org.hibernate.MappingException: Repeated column in mapping for entity: br.com.intro.pessoa.PessoaEntity column: nome (should be mapped with insert="false" update="false")
	at org.hibernate.mapping.PersistentClass.checkColumnDuplication(PersistentClass.java:830) ~[hibernate-core-5.0.11.Final.jar:5.0.11.Final]
	at org.hibernate.mapping.PersistentClass.checkPropertyColumnDuplication(PersistentClass.java:848) ~[hibernate-core-5.0.11.Final.jar:5.0.11.Final]
	at org.hibernate.mapping.PersistentClass.checkColumnDuplication(PersistentClass.java:870) ~[hibernate-core-5.0.11.Final.jar:5.0.11.Final]
	at org.hibernate.mapping.PersistentClass.validate(PersistentClass.java:605) ~[hibernate-core-5.0.11.Final.jar:5.0.11.Final]
	at org.hibernate.mapping.RootClass.validate(RootClass.java:265) ~[hibernate-core-5.0.11.Final.jar:5.0.11.Final]
	at org.hibernate.boot.internal.MetadataImpl.validate(MetadataImpl.java:329) ~[hibernate-core-5.0.11.Final.jar:5.0.11.Final]
	at org.hibernate.boot.internal.SessionFactoryBuilderImpl.build(SessionFactoryBuilderImpl.java:443) ~[hibernate-core-5.0.11.Final.jar:5.0.11.Final]
	at org.hibernate.jpa.boot.internal.EntityManagerFactoryBuilderImpl.build(EntityManagerFactoryBuilderImpl.java:879) ~[hibernate-entitymanager-5.0.11.Final.jar:5.0.11.Final]
	... 22 common frames omitted

2017-03-11 21:53:43.452  INFO 13340 --- [main] br.com.intro.Main                        : Starting Main on AVELL-155-V3 with PID 13340 (C:\Users\Avell\Documents\workspace-sts-3.8.3.RELEASE\Intro\target\classes started by Avell in C:\Users\Avell\Documents\workspace-sts-3.8.3.RELEASE\Intro)
2017-03-11 21:53:43.468  INFO 13340 --- [main] br.com.intro.Main                        : No active profile set, falling back to default profiles: default
2017-03-11 21:53:43.568  INFO 13340 --- [main] ationConfigEmbeddedWebApplicationContext : Refreshing org.springframework.boot.context.embedded.AnnotationConfigEmbeddedWebApplicationContext@7bedc48a: startup date [Sat Mar 11 21:53:43 BRT 2017]; root of context hierarchy
2017-03-11 21:53:45.738  INFO 13340 --- [main] o.s.b.f.config.PropertiesFactoryBean     : Loading properties file from URL [jar:file:/C:/Users/Avell/.m2/repository/org/springframework/integration/spring-integration-core/4.3.5.RELEASE/spring-integration-core-4.3.5.RELEASE.jar!/META-INF/spring.integration.default.properties]
2017-03-11 21:53:45.746  INFO 13340 --- [main] o.s.i.config.IntegrationRegistrar        : No bean named 'integrationHeaderChannelRegistry' has been explicitly defined. Therefore, a default DefaultHeaderChannelRegistry will be created.
2017-03-11 21:53:46.171  INFO 13340 --- [main] faultConfiguringBeanFactoryPostProcessor : No bean named 'errorChannel' has been explicitly defined. Therefore, a default PublishSubscribeChannel will be created.
2017-03-11 21:53:46.181  INFO 13340 --- [main] faultConfiguringBeanFactoryPostProcessor : No bean named 'taskScheduler' has been explicitly defined. Therefore, a default ThreadPoolTaskScheduler will be created.
2017-03-11 21:53:46.458  INFO 13340 --- [main] trationDelegate$BeanPostProcessorChecker : Bean 'org.springframework.transaction.annotation.ProxyTransactionManagementConfiguration' of type [class org.springframework.transaction.annotation.ProxyTransactionManagementConfiguration$$EnhancerBySpringCGLIB$$5c075b14] is not eligible for getting processed by all BeanPostProcessors (for example: not eligible for auto-proxying)
2017-03-11 21:53:46.569  INFO 13340 --- [main] trationDelegate$BeanPostProcessorChecker : Bean 'org.springframework.cache.annotation.ProxyCachingConfiguration' of type [class org.springframework.cache.annotation.ProxyCachingConfiguration$$EnhancerBySpringCGLIB$$a5199132] is not eligible for getting processed by all BeanPostProcessors (for example: not eligible for auto-proxying)
2017-03-11 21:53:46.604  INFO 13340 --- [main] trationDelegate$BeanPostProcessorChecker : Bean 'org.springframework.boot.autoconfigure.cache.CacheAutoConfiguration' of type [class org.springframework.boot.autoconfigure.cache.CacheAutoConfiguration$$EnhancerBySpringCGLIB$$998d55d6] is not eligible for getting processed by all BeanPostProcessors (for example: not eligible for auto-proxying)
2017-03-11 21:53:46.888  INFO 13340 --- [main] trationDelegate$BeanPostProcessorChecker : Bean 'spring.cache-org.springframework.boot.autoconfigure.cache.CacheProperties' of type [class org.springframework.boot.autoconfigure.cache.CacheProperties] is not eligible for getting processed by all BeanPostProcessors (for example: not eligible for auto-proxying)
2017-03-11 21:53:46.904  INFO 13340 --- [main] trationDelegate$BeanPostProcessorChecker : Bean 'org.springframework.boot.autoconfigure.cache.CacheManagerCustomizers' of type [class org.springframework.boot.autoconfigure.cache.CacheManagerCustomizers] is not eligible for getting processed by all BeanPostProcessors (for example: not eligible for auto-proxying)
2017-03-11 21:53:46.920  INFO 13340 --- [main] trationDelegate$BeanPostProcessorChecker : Bean 'org.springframework.boot.autoconfigure.cache.GuavaCacheConfiguration' of type [class org.springframework.boot.autoconfigure.cache.GuavaCacheConfiguration$$EnhancerBySpringCGLIB$$f12a8e73] is not eligible for getting processed by all BeanPostProcessors (for example: not eligible for auto-proxying)
2017-03-11 21:53:46.969  INFO 13340 --- [main] trationDelegate$BeanPostProcessorChecker : Bean 'cacheManager' of type [class org.springframework.cache.guava.GuavaCacheManager] is not eligible for getting processed by all BeanPostProcessors (for example: not eligible for auto-proxying)
2017-03-11 21:53:46.971  INFO 13340 --- [main] trationDelegate$BeanPostProcessorChecker : Bean 'cacheAutoConfigurationValidator' of type [class org.springframework.boot.autoconfigure.cache.CacheAutoConfiguration$CacheManagerValidator] is not eligible for getting processed by all BeanPostProcessors (for example: not eligible for auto-proxying)
2017-03-11 21:53:47.131  INFO 13340 --- [main] o.s.b.f.config.PropertiesFactoryBean     : Loading properties file from URL [jar:file:/C:/Users/Avell/.m2/repository/org/springframework/integration/spring-integration-core/4.3.5.RELEASE/spring-integration-core-4.3.5.RELEASE.jar!/META-INF/spring.integration.default.properties]
2017-03-11 21:53:47.151  INFO 13340 --- [main] trationDelegate$BeanPostProcessorChecker : Bean 'integrationGlobalProperties' of type [class org.springframework.beans.factory.config.PropertiesFactoryBean] is not eligible for getting processed by all BeanPostProcessors (for example: not eligible for auto-proxying)
2017-03-11 21:53:47.155  INFO 13340 --- [main] trationDelegate$BeanPostProcessorChecker : Bean 'integrationGlobalProperties' of type [class java.util.Properties] is not eligible for getting processed by all BeanPostProcessors (for example: not eligible for auto-proxying)
2017-03-11 21:53:47.820  INFO 13340 --- [main] s.b.c.e.t.TomcatEmbeddedServletContainer : Tomcat initialized with port(s): 8080 (http)
2017-03-11 21:53:47.839  INFO 13340 --- [main] o.apache.catalina.core.StandardService   : Starting service Tomcat
2017-03-11 21:53:47.844  INFO 13340 --- [main] org.apache.catalina.core.StandardEngine  : Starting Servlet Engine: Apache Tomcat/8.5.6
2017-03-11 21:53:48.170  INFO 13340 --- [localhost-startStop-1] o.a.c.c.C.[Tomcat].[localhost].[/]       : Initializing Spring embedded WebApplicationContext
2017-03-11 21:53:48.171  INFO 13340 --- [localhost-startStop-1] o.s.web.context.ContextLoader            : Root WebApplicationContext: initialization completed in 4603 ms
2017-03-11 21:53:48.553  INFO 13340 --- [localhost-startStop-1] o.s.b.w.servlet.ServletRegistrationBean  : Mapping servlet: 'dispatcherServlet' to [/]
2017-03-11 21:53:48.563  INFO 13340 --- [localhost-startStop-1] o.s.b.w.servlet.FilterRegistrationBean   : Mapping filter: 'characterEncodingFilter' to: [/*]
2017-03-11 21:53:48.564  INFO 13340 --- [localhost-startStop-1] o.s.b.w.servlet.FilterRegistrationBean   : Mapping filter: 'hiddenHttpMethodFilter' to: [/*]
2017-03-11 21:53:48.564  INFO 13340 --- [localhost-startStop-1] o.s.b.w.servlet.FilterRegistrationBean   : Mapping filter: 'httpPutFormContentFilter' to: [/*]
2017-03-11 21:53:48.564  INFO 13340 --- [localhost-startStop-1] o.s.b.w.servlet.FilterRegistrationBean   : Mapping filter: 'requestContextFilter' to: [/*]
2017-03-11 21:53:48.999  INFO 13340 --- [main] j.LocalContainerEntityManagerFactoryBean : Building JPA container EntityManagerFactory for persistence unit 'default'
2017-03-11 21:53:50.883  INFO 13340 --- [main] j.LocalContainerEntityManagerFactoryBean : Initialized JPA EntityManagerFactory for persistence unit 'default'
2017-03-11 21:53:51.421  INFO 13340 --- [main] s.w.s.m.m.a.RequestMappingHandlerAdapter : Looking for @ControllerAdvice: org.springframework.boot.context.embedded.AnnotationConfigEmbeddedWebApplicationContext@7bedc48a: startup date [Sat Mar 11 21:53:43 BRT 2017]; root of context hierarchy
2017-03-11 21:53:51.601  INFO 13340 --- [main] s.w.s.m.m.a.RequestMappingHandlerMapping : Mapped "{[/error]}" onto public org.springframework.http.ResponseEntity<java.util.Map<java.lang.String, java.lang.Object>> org.springframework.boot.autoconfigure.web.BasicErrorController.error(javax.servlet.http.HttpServletRequest)
2017-03-11 21:53:51.606  INFO 13340 --- [main] s.w.s.m.m.a.RequestMappingHandlerMapping : Mapped "{[/error],produces=[text/html]}" onto public org.springframework.web.servlet.ModelAndView org.springframework.boot.autoconfigure.web.BasicErrorController.errorHtml(javax.servlet.http.HttpServletRequest,javax.servlet.http.HttpServletResponse)
2017-03-11 21:53:51.659  INFO 13340 --- [main] o.s.w.s.handler.SimpleUrlHandlerMapping  : Mapped URL path [/webjars/**] onto handler of type [class org.springframework.web.servlet.resource.ResourceHttpRequestHandler]
2017-03-11 21:53:51.662  INFO 13340 --- [main] o.s.w.s.handler.SimpleUrlHandlerMapping  : Mapped URL path [/**] onto handler of type [class org.springframework.web.servlet.resource.ResourceHttpRequestHandler]
2017-03-11 21:53:51.741  INFO 13340 --- [main] o.s.w.s.handler.SimpleUrlHandlerMapping  : Mapped URL path [/**/favicon.ico] onto handler of type [class org.springframework.web.servlet.resource.ResourceHttpRequestHandler]
2017-03-11 21:53:52.215  INFO 13340 --- [main] o.s.s.c.ThreadPoolTaskScheduler          : Initializing ExecutorService  'taskScheduler'
2017-03-11 21:53:52.558  INFO 13340 --- [main] o.s.j.e.a.AnnotationMBeanExporter        : Registering beans for JMX exposure on startup
2017-03-11 21:53:52.581  INFO 13340 --- [main] o.s.j.e.a.AnnotationMBeanExporter        : Bean with name 'integrationMbeanExporter' has been autodetected for JMX exposure
2017-03-11 21:53:52.585  INFO 13340 --- [main] o.s.j.e.a.AnnotationMBeanExporter        : Located managed bean 'integrationMbeanExporter': registering with JMX server as MBean [org.springframework.integration.monitor:name=integrationMbeanExporter,type=IntegrationMBeanExporter]
2017-03-11 21:53:52.661  INFO 13340 --- [main] o.s.i.monitor.IntegrationMBeanExporter   : Registering beans for JMX exposure on startup
2017-03-11 21:53:52.663  INFO 13340 --- [main] o.s.i.monitor.IntegrationMBeanExporter   : Registering MessageChannel nullChannel
2017-03-11 21:53:52.678  INFO 13340 --- [main] o.s.i.monitor.IntegrationMBeanExporter   : Located managed bean 'org.springframework.integration:type=MessageChannel,name=nullChannel': registering with JMX server as MBean [org.springframework.integration:type=MessageChannel,name=nullChannel]
2017-03-11 21:53:52.732  INFO 13340 --- [main] o.s.i.monitor.IntegrationMBeanExporter   : Registering MessageChannel errorChannel
2017-03-11 21:53:52.736  INFO 13340 --- [main] o.s.i.monitor.IntegrationMBeanExporter   : Located managed bean 'org.springframework.integration:type=MessageChannel,name=errorChannel': registering with JMX server as MBean [org.springframework.integration:type=MessageChannel,name=errorChannel]
2017-03-11 21:53:52.797  INFO 13340 --- [main] o.s.i.monitor.IntegrationMBeanExporter   : Located managed bean 'org.springframework.integration:type=MessageHandler,name=errorLogger,bean=internal': registering with JMX server as MBean [org.springframework.integration:type=MessageHandler,name=errorLogger,bean=internal]
2017-03-11 21:53:52.836  INFO 13340 --- [main] o.s.c.support.DefaultLifecycleProcessor  : Starting beans in phase 0
2017-03-11 21:53:52.837  INFO 13340 --- [main] o.s.i.endpoint.EventDrivenConsumer       : Adding {logging-channel-adapter:_org.springframework.integration.errorLogger} as a subscriber to the 'errorChannel' channel
2017-03-11 21:53:52.841  INFO 13340 --- [main] o.s.i.channel.PublishSubscribeChannel    : Channel 'application:8080.errorChannel' has 1 subscriber(s).
2017-03-11 21:53:52.841  INFO 13340 --- [main] o.s.i.endpoint.EventDrivenConsumer       : started _org.springframework.integration.errorLogger
2017-03-11 21:53:52.941  INFO 13340 --- [main] s.b.c.e.t.TomcatEmbeddedServletContainer : Tomcat started on port(s): 8080 (http)
2017-03-11 21:53:52.950  INFO 13340 --- [main] br.com.intro.Main                        : Started Main in 10.239 seconds (JVM running for 11.411)
2017-03-11 23:32:54.360  INFO 13340 --- [RMI TCP Connection(2)-192.168.25.6] inMXBeanRegistrar$SpringApplicationAdmin : Application shutdown requested.
2017-03-11 23:32:54.365  INFO 13340 --- [RMI TCP Connection(2)-192.168.25.6] ationConfigEmbeddedWebApplicationContext : Closing org.springframework.boot.context.embedded.AnnotationConfigEmbeddedWebApplicationContext@7bedc48a: startup date [Sat Mar 11 21:53:43 BRT 2017]; root of context hierarchy
2017-03-11 23:32:54.371  INFO 13340 --- [RMI TCP Connection(2)-192.168.25.6] o.s.c.support.DefaultLifecycleProcessor  : Stopping beans in phase 0
2017-03-11 23:32:54.373  INFO 13340 --- [RMI TCP Connection(2)-192.168.25.6] o.s.i.endpoint.EventDrivenConsumer       : Removing {logging-channel-adapter:_org.springframework.integration.errorLogger} as a subscriber to the 'errorChannel' channel
2017-03-11 23:32:54.378  INFO 13340 --- [RMI TCP Connection(2)-192.168.25.6] o.s.i.channel.PublishSubscribeChannel    : Channel 'application:8080.errorChannel' has 0 subscriber(s).
2017-03-11 23:32:54.378  INFO 13340 --- [RMI TCP Connection(2)-192.168.25.6] o.s.i.endpoint.EventDrivenConsumer       : stopped _org.springframework.integration.errorLogger
2017-03-11 23:32:54.380  INFO 13340 --- [RMI TCP Connection(2)-192.168.25.6] o.s.s.c.ThreadPoolTaskScheduler          : Shutting down ExecutorService 'taskScheduler'
2017-03-11 23:32:54.381  INFO 13340 --- [RMI TCP Connection(2)-192.168.25.6] o.s.i.monitor.IntegrationMBeanExporter   : Unregistering JMX-exposed beans on shutdown
2017-03-11 23:32:54.386  INFO 13340 --- [RMI TCP Connection(2)-192.168.25.6] o.s.i.monitor.IntegrationMBeanExporter   : Unregistering JMX-exposed beans
2017-03-11 23:32:54.386  INFO 13340 --- [RMI TCP Connection(2)-192.168.25.6] o.s.i.monitor.IntegrationMBeanExporter   : Summary on shutdown: nullChannel
2017-03-11 23:32:54.386  INFO 13340 --- [RMI TCP Connection(2)-192.168.25.6] o.s.i.monitor.IntegrationMBeanExporter   : Summary on shutdown: errorChannel
2017-03-11 23:32:54.386  INFO 13340 --- [RMI TCP Connection(2)-192.168.25.6] o.s.i.monitor.IntegrationMBeanExporter   : Summary on shutdown: _org.springframework.integration.errorLogger.handler
2017-03-11 23:32:54.393  INFO 13340 --- [RMI TCP Connection(2)-192.168.25.6] o.s.j.e.a.AnnotationMBeanExporter        : Unregistering JMX-exposed beans on shutdown
2017-03-11 23:32:54.395  INFO 13340 --- [RMI TCP Connection(2)-192.168.25.6] o.s.j.e.a.AnnotationMBeanExporter        : Unregistering JMX-exposed beans
2017-03-11 23:32:54.395  INFO 13340 --- [RMI TCP Connection(2)-192.168.25.6] j.LocalContainerEntityManagerFactoryBean : Closing JPA EntityManagerFactory for persistence unit 'default'
2017-03-11 23:33:09.194  INFO 8360 --- [main] br.com.intro.Main                        : Starting Main on AVELL-155-V3 with PID 8360 (C:\Users\Avell\Documents\workspace-sts-3.8.3.RELEASE\Intro\target\classes started by Avell in C:\Users\Avell\Documents\workspace-sts-3.8.3.RELEASE\Intro)
2017-03-11 23:33:09.200  INFO 8360 --- [main] br.com.intro.Main                        : No active profile set, falling back to default profiles: default
2017-03-11 23:33:09.302  INFO 8360 --- [main] ationConfigEmbeddedWebApplicationContext : Refreshing org.springframework.boot.context.embedded.AnnotationConfigEmbeddedWebApplicationContext@7bedc48a: startup date [Sat Mar 11 23:33:09 BRT 2017]; root of context hierarchy
2017-03-11 23:33:11.520  INFO 8360 --- [main] o.s.b.f.config.PropertiesFactoryBean     : Loading properties file from URL [jar:file:/C:/Users/Avell/.m2/repository/org/springframework/integration/spring-integration-core/4.3.5.RELEASE/spring-integration-core-4.3.5.RELEASE.jar!/META-INF/spring.integration.default.properties]
2017-03-11 23:33:11.529  INFO 8360 --- [main] o.s.i.config.IntegrationRegistrar        : No bean named 'integrationHeaderChannelRegistry' has been explicitly defined. Therefore, a default DefaultHeaderChannelRegistry will be created.
2017-03-11 23:33:12.008  INFO 8360 --- [main] faultConfiguringBeanFactoryPostProcessor : No bean named 'errorChannel' has been explicitly defined. Therefore, a default PublishSubscribeChannel will be created.
2017-03-11 23:33:12.017  INFO 8360 --- [main] faultConfiguringBeanFactoryPostProcessor : No bean named 'taskScheduler' has been explicitly defined. Therefore, a default ThreadPoolTaskScheduler will be created.
2017-03-11 23:33:12.296  INFO 8360 --- [main] trationDelegate$BeanPostProcessorChecker : Bean 'org.springframework.transaction.annotation.ProxyTransactionManagementConfiguration' of type [class org.springframework.transaction.annotation.ProxyTransactionManagementConfiguration$$EnhancerBySpringCGLIB$$581b0169] is not eligible for getting processed by all BeanPostProcessors (for example: not eligible for auto-proxying)
2017-03-11 23:33:12.449  INFO 8360 --- [main] trationDelegate$BeanPostProcessorChecker : Bean 'org.springframework.cache.annotation.ProxyCachingConfiguration' of type [class org.springframework.cache.annotation.ProxyCachingConfiguration$$EnhancerBySpringCGLIB$$a12d3787] is not eligible for getting processed by all BeanPostProcessors (for example: not eligible for auto-proxying)
2017-03-11 23:33:12.497  INFO 8360 --- [main] trationDelegate$BeanPostProcessorChecker : Bean 'org.springframework.boot.autoconfigure.cache.CacheAutoConfiguration' of type [class org.springframework.boot.autoconfigure.cache.CacheAutoConfiguration$$EnhancerBySpringCGLIB$$95a0fc2b] is not eligible for getting processed by all BeanPostProcessors (for example: not eligible for auto-proxying)
2017-03-11 23:33:12.781  INFO 8360 --- [main] trationDelegate$BeanPostProcessorChecker : Bean 'spring.cache-org.springframework.boot.autoconfigure.cache.CacheProperties' of type [class org.springframework.boot.autoconfigure.cache.CacheProperties] is not eligible for getting processed by all BeanPostProcessors (for example: not eligible for auto-proxying)
2017-03-11 23:33:12.798  INFO 8360 --- [main] trationDelegate$BeanPostProcessorChecker : Bean 'org.springframework.boot.autoconfigure.cache.CacheManagerCustomizers' of type [class org.springframework.boot.autoconfigure.cache.CacheManagerCustomizers] is not eligible for getting processed by all BeanPostProcessors (for example: not eligible for auto-proxying)
2017-03-11 23:33:12.817  INFO 8360 --- [main] trationDelegate$BeanPostProcessorChecker : Bean 'org.springframework.boot.autoconfigure.cache.GuavaCacheConfiguration' of type [class org.springframework.boot.autoconfigure.cache.GuavaCacheConfiguration$$EnhancerBySpringCGLIB$$ed3e34c8] is not eligible for getting processed by all BeanPostProcessors (for example: not eligible for auto-proxying)
2017-03-11 23:33:12.848  INFO 8360 --- [main] trationDelegate$BeanPostProcessorChecker : Bean 'cacheManager' of type [class org.springframework.cache.guava.GuavaCacheManager] is not eligible for getting processed by all BeanPostProcessors (for example: not eligible for auto-proxying)
2017-03-11 23:33:12.850  INFO 8360 --- [main] trationDelegate$BeanPostProcessorChecker : Bean 'cacheAutoConfigurationValidator' of type [class org.springframework.boot.autoconfigure.cache.CacheAutoConfiguration$CacheManagerValidator] is not eligible for getting processed by all BeanPostProcessors (for example: not eligible for auto-proxying)
2017-03-11 23:33:13.117  INFO 8360 --- [main] o.s.b.f.config.PropertiesFactoryBean     : Loading properties file from URL [jar:file:/C:/Users/Avell/.m2/repository/org/springframework/integration/spring-integration-core/4.3.5.RELEASE/spring-integration-core-4.3.5.RELEASE.jar!/META-INF/spring.integration.default.properties]
2017-03-11 23:33:13.124  INFO 8360 --- [main] trationDelegate$BeanPostProcessorChecker : Bean 'integrationGlobalProperties' of type [class org.springframework.beans.factory.config.PropertiesFactoryBean] is not eligible for getting processed by all BeanPostProcessors (for example: not eligible for auto-proxying)
2017-03-11 23:33:13.132  INFO 8360 --- [main] trationDelegate$BeanPostProcessorChecker : Bean 'integrationGlobalProperties' of type [class java.util.Properties] is not eligible for getting processed by all BeanPostProcessors (for example: not eligible for auto-proxying)
2017-03-11 23:33:13.800  INFO 8360 --- [main] s.b.c.e.t.TomcatEmbeddedServletContainer : Tomcat initialized with port(s): 8080 (http)
2017-03-11 23:33:13.822  INFO 8360 --- [main] o.apache.catalina.core.StandardService   : Starting service Tomcat
2017-03-11 23:33:13.828  INFO 8360 --- [main] org.apache.catalina.core.StandardEngine  : Starting Servlet Engine: Apache Tomcat/8.5.6
2017-03-11 23:33:14.058  INFO 8360 --- [localhost-startStop-1] o.a.c.c.C.[Tomcat].[localhost].[/]       : Initializing Spring embedded WebApplicationContext
2017-03-11 23:33:14.058  INFO 8360 --- [localhost-startStop-1] o.s.web.context.ContextLoader            : Root WebApplicationContext: initialization completed in 4767 ms
2017-03-11 23:33:14.523  INFO 8360 --- [localhost-startStop-1] o.s.b.w.servlet.ServletRegistrationBean  : Mapping servlet: 'dispatcherServlet' to [/]
2017-03-11 23:33:14.538  INFO 8360 --- [localhost-startStop-1] o.s.b.w.servlet.FilterRegistrationBean   : Mapping filter: 'characterEncodingFilter' to: [/*]
2017-03-11 23:33:14.539  INFO 8360 --- [localhost-startStop-1] o.s.b.w.servlet.FilterRegistrationBean   : Mapping filter: 'hiddenHttpMethodFilter' to: [/*]
2017-03-11 23:33:14.540  INFO 8360 --- [localhost-startStop-1] o.s.b.w.servlet.FilterRegistrationBean   : Mapping filter: 'httpPutFormContentFilter' to: [/*]
2017-03-11 23:33:14.540  INFO 8360 --- [localhost-startStop-1] o.s.b.w.servlet.FilterRegistrationBean   : Mapping filter: 'requestContextFilter' to: [/*]
2017-03-11 23:33:15.049  INFO 8360 --- [main] j.LocalContainerEntityManagerFactoryBean : Building JPA container EntityManagerFactory for persistence unit 'default'
2017-03-11 23:33:17.084  INFO 8360 --- [main] j.LocalContainerEntityManagerFactoryBean : Initialized JPA EntityManagerFactory for persistence unit 'default'
2017-03-11 23:33:18.089  INFO 8360 --- [main] s.w.s.m.m.a.RequestMappingHandlerAdapter : Looking for @ControllerAdvice: org.springframework.boot.context.embedded.AnnotationConfigEmbeddedWebApplicationContext@7bedc48a: startup date [Sat Mar 11 23:33:09 BRT 2017]; root of context hierarchy
2017-03-11 23:33:18.264  INFO 8360 --- [main] s.w.s.m.m.a.RequestMappingHandlerMapping : Mapped "{[/api/pessoa],methods=[GET]}" onto public java.util.List<br.com.intro.pessoa.PessoaEntity> br.com.intro.pessoa.PessoaService.findAll()
2017-03-11 23:33:18.273  INFO 8360 --- [main] s.w.s.m.m.a.RequestMappingHandlerMapping : Mapped "{[/error]}" onto public org.springframework.http.ResponseEntity<java.util.Map<java.lang.String, java.lang.Object>> org.springframework.boot.autoconfigure.web.BasicErrorController.error(javax.servlet.http.HttpServletRequest)
2017-03-11 23:33:18.277  INFO 8360 --- [main] s.w.s.m.m.a.RequestMappingHandlerMapping : Mapped "{[/error],produces=[text/html]}" onto public org.springframework.web.servlet.ModelAndView org.springframework.boot.autoconfigure.web.BasicErrorController.errorHtml(javax.servlet.http.HttpServletRequest,javax.servlet.http.HttpServletResponse)
2017-03-11 23:33:18.335  INFO 8360 --- [main] o.s.w.s.handler.SimpleUrlHandlerMapping  : Mapped URL path [/webjars/**] onto handler of type [class org.springframework.web.servlet.resource.ResourceHttpRequestHandler]
2017-03-11 23:33:18.336  INFO 8360 --- [main] o.s.w.s.handler.SimpleUrlHandlerMapping  : Mapped URL path [/**] onto handler of type [class org.springframework.web.servlet.resource.ResourceHttpRequestHandler]
2017-03-11 23:33:18.443  INFO 8360 --- [main] o.s.w.s.handler.SimpleUrlHandlerMapping  : Mapped URL path [/**/favicon.ico] onto handler of type [class org.springframework.web.servlet.resource.ResourceHttpRequestHandler]
2017-03-11 23:33:18.821  INFO 8360 --- [main] o.s.s.c.ThreadPoolTaskScheduler          : Initializing ExecutorService  'taskScheduler'
2017-03-11 23:33:19.125  INFO 8360 --- [main] o.s.j.e.a.AnnotationMBeanExporter        : Registering beans for JMX exposure on startup
2017-03-11 23:33:19.138  INFO 8360 --- [main] o.s.j.e.a.AnnotationMBeanExporter        : Bean with name 'integrationMbeanExporter' has been autodetected for JMX exposure
2017-03-11 23:33:19.144  INFO 8360 --- [main] o.s.j.e.a.AnnotationMBeanExporter        : Located managed bean 'integrationMbeanExporter': registering with JMX server as MBean [org.springframework.integration.monitor:name=integrationMbeanExporter,type=IntegrationMBeanExporter]
2017-03-11 23:33:19.217  INFO 8360 --- [main] o.s.i.monitor.IntegrationMBeanExporter   : Registering beans for JMX exposure on startup
2017-03-11 23:33:19.229  INFO 8360 --- [main] o.s.i.monitor.IntegrationMBeanExporter   : Registering MessageChannel errorChannel
2017-03-11 23:33:19.253  INFO 8360 --- [main] o.s.i.monitor.IntegrationMBeanExporter   : Located managed bean 'org.springframework.integration:type=MessageChannel,name=errorChannel': registering with JMX server as MBean [org.springframework.integration:type=MessageChannel,name=errorChannel]
2017-03-11 23:33:19.346  INFO 8360 --- [main] o.s.i.monitor.IntegrationMBeanExporter   : Registering MessageChannel nullChannel
2017-03-11 23:33:19.348  INFO 8360 --- [main] o.s.i.monitor.IntegrationMBeanExporter   : Located managed bean 'org.springframework.integration:type=MessageChannel,name=nullChannel': registering with JMX server as MBean [org.springframework.integration:type=MessageChannel,name=nullChannel]
2017-03-11 23:33:19.370  INFO 8360 --- [main] o.s.i.monitor.IntegrationMBeanExporter   : Located managed bean 'org.springframework.integration:type=MessageHandler,name=errorLogger,bean=internal': registering with JMX server as MBean [org.springframework.integration:type=MessageHandler,name=errorLogger,bean=internal]
2017-03-11 23:33:19.404  INFO 8360 --- [main] o.s.c.support.DefaultLifecycleProcessor  : Starting beans in phase 0
2017-03-11 23:33:19.407  INFO 8360 --- [main] o.s.i.endpoint.EventDrivenConsumer       : Adding {logging-channel-adapter:_org.springframework.integration.errorLogger} as a subscriber to the 'errorChannel' channel
2017-03-11 23:33:19.408  INFO 8360 --- [main] o.s.i.channel.PublishSubscribeChannel    : Channel 'application:8080.errorChannel' has 1 subscriber(s).
2017-03-11 23:33:19.408  INFO 8360 --- [main] o.s.i.endpoint.EventDrivenConsumer       : started _org.springframework.integration.errorLogger
2017-03-11 23:33:19.513  INFO 8360 --- [main] s.b.c.e.t.TomcatEmbeddedServletContainer : Tomcat started on port(s): 8080 (http)
2017-03-11 23:33:19.534  INFO 8360 --- [main] br.com.intro.Main                        : Started Main in 11.146 seconds (JVM running for 12.364)
2017-03-11 23:36:52.027  INFO 8360 --- [http-nio-8080-exec-1] o.a.c.c.C.[Tomcat].[localhost].[/]       : Initializing Spring FrameworkServlet 'dispatcherServlet'
2017-03-11 23:36:52.029  INFO 8360 --- [http-nio-8080-exec-1] o.s.web.servlet.DispatcherServlet        : FrameworkServlet 'dispatcherServlet': initialization started
2017-03-11 23:36:52.067  INFO 8360 --- [http-nio-8080-exec-1] o.s.web.servlet.DispatcherServlet        : FrameworkServlet 'dispatcherServlet': initialization completed in 38 ms
2017-03-11 23:42:22.652  WARN 8360 --- [http-nio-8080-exec-3] o.s.web.servlet.PageNotFound             : Request method 'POST' not supported
2017-03-11 23:42:35.148  INFO 8360 --- [RMI TCP Connection(2)-192.168.25.6] inMXBeanRegistrar$SpringApplicationAdmin : Application shutdown requested.
2017-03-11 23:42:35.159  INFO 8360 --- [RMI TCP Connection(2)-192.168.25.6] ationConfigEmbeddedWebApplicationContext : Closing org.springframework.boot.context.embedded.AnnotationConfigEmbeddedWebApplicationContext@7bedc48a: startup date [Sat Mar 11 23:33:09 BRT 2017]; root of context hierarchy
2017-03-11 23:42:35.159  INFO 8360 --- [RMI TCP Connection(2)-192.168.25.6] o.s.c.support.DefaultLifecycleProcessor  : Stopping beans in phase 0
2017-03-11 23:42:35.159  INFO 8360 --- [RMI TCP Connection(2)-192.168.25.6] o.s.i.endpoint.EventDrivenConsumer       : Removing {logging-channel-adapter:_org.springframework.integration.errorLogger} as a subscriber to the 'errorChannel' channel
2017-03-11 23:42:35.159  INFO 8360 --- [RMI TCP Connection(2)-192.168.25.6] o.s.i.channel.PublishSubscribeChannel    : Channel 'application:8080.errorChannel' has 0 subscriber(s).
2017-03-11 23:42:35.159  INFO 8360 --- [RMI TCP Connection(2)-192.168.25.6] o.s.i.endpoint.EventDrivenConsumer       : stopped _org.springframework.integration.errorLogger
2017-03-11 23:42:35.159  INFO 8360 --- [RMI TCP Connection(2)-192.168.25.6] o.s.s.c.ThreadPoolTaskScheduler          : Shutting down ExecutorService 'taskScheduler'
2017-03-11 23:42:35.175  INFO 8360 --- [RMI TCP Connection(2)-192.168.25.6] o.s.i.monitor.IntegrationMBeanExporter   : Unregistering JMX-exposed beans on shutdown
2017-03-11 23:42:35.175  INFO 8360 --- [RMI TCP Connection(2)-192.168.25.6] o.s.i.monitor.IntegrationMBeanExporter   : Unregistering JMX-exposed beans
2017-03-11 23:42:35.175  INFO 8360 --- [RMI TCP Connection(2)-192.168.25.6] o.s.i.monitor.IntegrationMBeanExporter   : Summary on shutdown: errorChannel
2017-03-11 23:42:35.175  INFO 8360 --- [RMI TCP Connection(2)-192.168.25.6] o.s.i.monitor.IntegrationMBeanExporter   : Summary on shutdown: nullChannel
2017-03-11 23:42:35.175  INFO 8360 --- [RMI TCP Connection(2)-192.168.25.6] o.s.i.monitor.IntegrationMBeanExporter   : Summary on shutdown: _org.springframework.integration.errorLogger.handler
2017-03-11 23:42:35.179  INFO 8360 --- [RMI TCP Connection(2)-192.168.25.6] o.s.j.e.a.AnnotationMBeanExporter        : Unregistering JMX-exposed beans on shutdown
2017-03-11 23:42:35.179  INFO 8360 --- [RMI TCP Connection(2)-192.168.25.6] o.s.j.e.a.AnnotationMBeanExporter        : Unregistering JMX-exposed beans
2017-03-11 23:42:35.179  INFO 8360 --- [RMI TCP Connection(2)-192.168.25.6] j.LocalContainerEntityManagerFactoryBean : Closing JPA EntityManagerFactory for persistence unit 'default'
2017-03-11 23:42:45.819  INFO 1296 --- [main] br.com.intro.Main                        : Starting Main on AVELL-155-V3 with PID 1296 (C:\Users\Avell\Documents\workspace-sts-3.8.3.RELEASE\Intro\target\classes started by Avell in C:\Users\Avell\Documents\workspace-sts-3.8.3.RELEASE\Intro)
2017-03-11 23:42:45.824  INFO 1296 --- [main] br.com.intro.Main                        : No active profile set, falling back to default profiles: default
2017-03-11 23:42:45.969  INFO 1296 --- [main] ationConfigEmbeddedWebApplicationContext : Refreshing org.springframework.boot.context.embedded.AnnotationConfigEmbeddedWebApplicationContext@7bedc48a: startup date [Sat Mar 11 23:42:45 BRT 2017]; root of context hierarchy
2017-03-11 23:42:48.173  INFO 1296 --- [main] o.s.b.f.config.PropertiesFactoryBean     : Loading properties file from URL [jar:file:/C:/Users/Avell/.m2/repository/org/springframework/integration/spring-integration-core/4.3.5.RELEASE/spring-integration-core-4.3.5.RELEASE.jar!/META-INF/spring.integration.default.properties]
2017-03-11 23:42:48.182  INFO 1296 --- [main] o.s.i.config.IntegrationRegistrar        : No bean named 'integrationHeaderChannelRegistry' has been explicitly defined. Therefore, a default DefaultHeaderChannelRegistry will be created.
2017-03-11 23:42:48.718  INFO 1296 --- [main] faultConfiguringBeanFactoryPostProcessor : No bean named 'errorChannel' has been explicitly defined. Therefore, a default PublishSubscribeChannel will be created.
2017-03-11 23:42:48.730  INFO 1296 --- [main] faultConfiguringBeanFactoryPostProcessor : No bean named 'taskScheduler' has been explicitly defined. Therefore, a default ThreadPoolTaskScheduler will be created.
2017-03-11 23:42:49.064  INFO 1296 --- [main] trationDelegate$BeanPostProcessorChecker : Bean 'org.springframework.transaction.annotation.ProxyTransactionManagementConfiguration' of type [class org.springframework.transaction.annotation.ProxyTransactionManagementConfiguration$$EnhancerBySpringCGLIB$$80ba7ee] is not eligible for getting processed by all BeanPostProcessors (for example: not eligible for auto-proxying)
2017-03-11 23:42:49.190  INFO 1296 --- [main] trationDelegate$BeanPostProcessorChecker : Bean 'org.springframework.cache.annotation.ProxyCachingConfiguration' of type [class org.springframework.cache.annotation.ProxyCachingConfiguration$$EnhancerBySpringCGLIB$$511dde0c] is not eligible for getting processed by all BeanPostProcessors (for example: not eligible for auto-proxying)
2017-03-11 23:42:49.228  INFO 1296 --- [main] trationDelegate$BeanPostProcessorChecker : Bean 'org.springframework.boot.autoconfigure.cache.CacheAutoConfiguration' of type [class org.springframework.boot.autoconfigure.cache.CacheAutoConfiguration$$EnhancerBySpringCGLIB$$4591a2b0] is not eligible for getting processed by all BeanPostProcessors (for example: not eligible for auto-proxying)
2017-03-11 23:42:49.509  INFO 1296 --- [main] trationDelegate$BeanPostProcessorChecker : Bean 'spring.cache-org.springframework.boot.autoconfigure.cache.CacheProperties' of type [class org.springframework.boot.autoconfigure.cache.CacheProperties] is not eligible for getting processed by all BeanPostProcessors (for example: not eligible for auto-proxying)
2017-03-11 23:42:49.532  INFO 1296 --- [main] trationDelegate$BeanPostProcessorChecker : Bean 'org.springframework.boot.autoconfigure.cache.CacheManagerCustomizers' of type [class org.springframework.boot.autoconfigure.cache.CacheManagerCustomizers] is not eligible for getting processed by all BeanPostProcessors (for example: not eligible for auto-proxying)
2017-03-11 23:42:49.549  INFO 1296 --- [main] trationDelegate$BeanPostProcessorChecker : Bean 'org.springframework.boot.autoconfigure.cache.GuavaCacheConfiguration' of type [class org.springframework.boot.autoconfigure.cache.GuavaCacheConfiguration$$EnhancerBySpringCGLIB$$9d2edb4d] is not eligible for getting processed by all BeanPostProcessors (for example: not eligible for auto-proxying)
2017-03-11 23:42:49.569  INFO 1296 --- [main] trationDelegate$BeanPostProcessorChecker : Bean 'cacheManager' of type [class org.springframework.cache.guava.GuavaCacheManager] is not eligible for getting processed by all BeanPostProcessors (for example: not eligible for auto-proxying)
2017-03-11 23:42:49.571  INFO 1296 --- [main] trationDelegate$BeanPostProcessorChecker : Bean 'cacheAutoConfigurationValidator' of type [class org.springframework.boot.autoconfigure.cache.CacheAutoConfiguration$CacheManagerValidator] is not eligible for getting processed by all BeanPostProcessors (for example: not eligible for auto-proxying)
2017-03-11 23:42:49.724  INFO 1296 --- [main] o.s.b.f.config.PropertiesFactoryBean     : Loading properties file from URL [jar:file:/C:/Users/Avell/.m2/repository/org/springframework/integration/spring-integration-core/4.3.5.RELEASE/spring-integration-core-4.3.5.RELEASE.jar!/META-INF/spring.integration.default.properties]
2017-03-11 23:42:49.731  INFO 1296 --- [main] trationDelegate$BeanPostProcessorChecker : Bean 'integrationGlobalProperties' of type [class org.springframework.beans.factory.config.PropertiesFactoryBean] is not eligible for getting processed by all BeanPostProcessors (for example: not eligible for auto-proxying)
2017-03-11 23:42:49.733  INFO 1296 --- [main] trationDelegate$BeanPostProcessorChecker : Bean 'integrationGlobalProperties' of type [class java.util.Properties] is not eligible for getting processed by all BeanPostProcessors (for example: not eligible for auto-proxying)
2017-03-11 23:42:50.342  INFO 1296 --- [main] s.b.c.e.t.TomcatEmbeddedServletContainer : Tomcat initialized with port(s): 8080 (http)
2017-03-11 23:42:50.362  INFO 1296 --- [main] o.apache.catalina.core.StandardService   : Starting service Tomcat
2017-03-11 23:42:50.367  INFO 1296 --- [main] org.apache.catalina.core.StandardEngine  : Starting Servlet Engine: Apache Tomcat/8.5.6
2017-03-11 23:42:50.610  INFO 1296 --- [localhost-startStop-1] o.a.c.c.C.[Tomcat].[localhost].[/]       : Initializing Spring embedded WebApplicationContext
2017-03-11 23:42:50.611  INFO 1296 --- [localhost-startStop-1] o.s.web.context.ContextLoader            : Root WebApplicationContext: initialization completed in 4647 ms
2017-03-11 23:42:51.044  INFO 1296 --- [localhost-startStop-1] o.s.b.w.servlet.ServletRegistrationBean  : Mapping servlet: 'dispatcherServlet' to [/]
2017-03-11 23:42:51.053  INFO 1296 --- [localhost-startStop-1] o.s.b.w.servlet.FilterRegistrationBean   : Mapping filter: 'characterEncodingFilter' to: [/*]
2017-03-11 23:42:51.054  INFO 1296 --- [localhost-startStop-1] o.s.b.w.servlet.FilterRegistrationBean   : Mapping filter: 'hiddenHttpMethodFilter' to: [/*]
2017-03-11 23:42:51.055  INFO 1296 --- [localhost-startStop-1] o.s.b.w.servlet.FilterRegistrationBean   : Mapping filter: 'httpPutFormContentFilter' to: [/*]
2017-03-11 23:42:51.056  INFO 1296 --- [localhost-startStop-1] o.s.b.w.servlet.FilterRegistrationBean   : Mapping filter: 'requestContextFilter' to: [/*]
2017-03-11 23:42:51.504  INFO 1296 --- [main] j.LocalContainerEntityManagerFactoryBean : Building JPA container EntityManagerFactory for persistence unit 'default'
2017-03-11 23:42:53.479  INFO 1296 --- [main] j.LocalContainerEntityManagerFactoryBean : Initialized JPA EntityManagerFactory for persistence unit 'default'
2017-03-11 23:42:54.444  INFO 1296 --- [main] s.w.s.m.m.a.RequestMappingHandlerAdapter : Looking for @ControllerAdvice: org.springframework.boot.context.embedded.AnnotationConfigEmbeddedWebApplicationContext@7bedc48a: startup date [Sat Mar 11 23:42:45 BRT 2017]; root of context hierarchy
2017-03-11 23:42:54.600  INFO 1296 --- [main] s.w.s.m.m.a.RequestMappingHandlerMapping : Mapped "{[/api/pessoa],methods=[POST]}" onto public br.com.intro.pessoa.PessoaEntity br.com.intro.pessoa.PessoaService.insert(br.com.intro.pessoa.PessoaEntity)
2017-03-11 23:42:54.609  INFO 1296 --- [main] s.w.s.m.m.a.RequestMappingHandlerMapping : Mapped "{[/api/pessoa],methods=[GET]}" onto public java.util.List<br.com.intro.pessoa.PessoaEntity> br.com.intro.pessoa.PessoaService.findAll()
2017-03-11 23:42:54.614  INFO 1296 --- [main] s.w.s.m.m.a.RequestMappingHandlerMapping : Mapped "{[/error]}" onto public org.springframework.http.ResponseEntity<java.util.Map<java.lang.String, java.lang.Object>> org.springframework.boot.autoconfigure.web.BasicErrorController.error(javax.servlet.http.HttpServletRequest)
2017-03-11 23:42:54.617  INFO 1296 --- [main] s.w.s.m.m.a.RequestMappingHandlerMapping : Mapped "{[/error],produces=[text/html]}" onto public org.springframework.web.servlet.ModelAndView org.springframework.boot.autoconfigure.web.BasicErrorController.errorHtml(javax.servlet.http.HttpServletRequest,javax.servlet.http.HttpServletResponse)
2017-03-11 23:42:54.679  INFO 1296 --- [main] o.s.w.s.handler.SimpleUrlHandlerMapping  : Mapped URL path [/webjars/**] onto handler of type [class org.springframework.web.servlet.resource.ResourceHttpRequestHandler]
2017-03-11 23:42:54.685  INFO 1296 --- [main] o.s.w.s.handler.SimpleUrlHandlerMapping  : Mapped URL path [/**] onto handler of type [class org.springframework.web.servlet.resource.ResourceHttpRequestHandler]
2017-03-11 23:42:54.787  INFO 1296 --- [main] o.s.w.s.handler.SimpleUrlHandlerMapping  : Mapped URL path [/**/favicon.ico] onto handler of type [class org.springframework.web.servlet.resource.ResourceHttpRequestHandler]
2017-03-11 23:42:55.176  INFO 1296 --- [main] o.s.s.c.ThreadPoolTaskScheduler          : Initializing ExecutorService  'taskScheduler'
2017-03-11 23:42:55.475  INFO 1296 --- [main] o.s.j.e.a.AnnotationMBeanExporter        : Registering beans for JMX exposure on startup
2017-03-11 23:42:55.490  INFO 1296 --- [main] o.s.j.e.a.AnnotationMBeanExporter        : Bean with name 'integrationMbeanExporter' has been autodetected for JMX exposure
2017-03-11 23:42:55.494  INFO 1296 --- [main] o.s.j.e.a.AnnotationMBeanExporter        : Located managed bean 'integrationMbeanExporter': registering with JMX server as MBean [org.springframework.integration.monitor:name=integrationMbeanExporter,type=IntegrationMBeanExporter]
2017-03-11 23:42:55.568  INFO 1296 --- [main] o.s.i.monitor.IntegrationMBeanExporter   : Registering beans for JMX exposure on startup
2017-03-11 23:42:55.570  INFO 1296 --- [main] o.s.i.monitor.IntegrationMBeanExporter   : Registering MessageChannel nullChannel
2017-03-11 23:42:55.578  INFO 1296 --- [main] o.s.i.monitor.IntegrationMBeanExporter   : Located managed bean 'org.springframework.integration:type=MessageChannel,name=nullChannel': registering with JMX server as MBean [org.springframework.integration:type=MessageChannel,name=nullChannel]
2017-03-11 23:42:55.632  INFO 1296 --- [main] o.s.i.monitor.IntegrationMBeanExporter   : Registering MessageChannel errorChannel
2017-03-11 23:42:55.634  INFO 1296 --- [main] o.s.i.monitor.IntegrationMBeanExporter   : Located managed bean 'org.springframework.integration:type=MessageChannel,name=errorChannel': registering with JMX server as MBean [org.springframework.integration:type=MessageChannel,name=errorChannel]
2017-03-11 23:42:55.703  INFO 1296 --- [main] o.s.i.monitor.IntegrationMBeanExporter   : Located managed bean 'org.springframework.integration:type=MessageHandler,name=errorLogger,bean=internal': registering with JMX server as MBean [org.springframework.integration:type=MessageHandler,name=errorLogger,bean=internal]
2017-03-11 23:42:55.748  INFO 1296 --- [main] o.s.c.support.DefaultLifecycleProcessor  : Starting beans in phase 0
2017-03-11 23:42:55.749  INFO 1296 --- [main] o.s.i.endpoint.EventDrivenConsumer       : Adding {logging-channel-adapter:_org.springframework.integration.errorLogger} as a subscriber to the 'errorChannel' channel
2017-03-11 23:42:55.749  INFO 1296 --- [main] o.s.i.channel.PublishSubscribeChannel    : Channel 'application:8080.errorChannel' has 1 subscriber(s).
2017-03-11 23:42:55.750  INFO 1296 --- [main] o.s.i.endpoint.EventDrivenConsumer       : started _org.springframework.integration.errorLogger
2017-03-11 23:42:55.856  INFO 1296 --- [main] s.b.c.e.t.TomcatEmbeddedServletContainer : Tomcat started on port(s): 8080 (http)
2017-03-11 23:42:55.865  INFO 1296 --- [main] br.com.intro.Main                        : Started Main in 10.828 seconds (JVM running for 12.009)
2017-03-11 23:43:13.431  INFO 1296 --- [http-nio-8080-exec-1] o.a.c.c.C.[Tomcat].[localhost].[/]       : Initializing Spring FrameworkServlet 'dispatcherServlet'
2017-03-11 23:43:13.437  INFO 1296 --- [http-nio-8080-exec-1] o.s.web.servlet.DispatcherServlet        : FrameworkServlet 'dispatcherServlet': initialization started
2017-03-11 23:43:13.486  INFO 1296 --- [http-nio-8080-exec-1] o.s.web.servlet.DispatcherServlet        : FrameworkServlet 'dispatcherServlet': initialization completed in 49 ms
2017-03-11 23:43:13.694  WARN 1296 --- [http-nio-8080-exec-1] .w.s.m.s.DefaultHandlerExceptionResolver : Failed to read HTTP message: org.springframework.http.converter.HttpMessageNotReadableException: Could not read document: Can not deserialize instance of br.com.intro.pessoa.PessoaEntity out of START_ARRAY token
 at [Source: java.io.PushbackInputStream@7b85cc13; line: 1, column: 1]; nested exception is com.fasterxml.jackson.databind.JsonMappingException: Can not deserialize instance of br.com.intro.pessoa.PessoaEntity out of START_ARRAY token
 at [Source: java.io.PushbackInputStream@7b85cc13; line: 1, column: 1]
2017-03-11 23:48:13.876  INFO 1296 --- [RMI TCP Connection(2)-192.168.25.6] inMXBeanRegistrar$SpringApplicationAdmin : Application shutdown requested.
2017-03-11 23:48:13.881  INFO 1296 --- [RMI TCP Connection(2)-192.168.25.6] ationConfigEmbeddedWebApplicationContext : Closing org.springframework.boot.context.embedded.AnnotationConfigEmbeddedWebApplicationContext@7bedc48a: startup date [Sat Mar 11 23:42:45 BRT 2017]; root of context hierarchy
2017-03-11 23:48:13.881  INFO 1296 --- [RMI TCP Connection(2)-192.168.25.6] o.s.c.support.DefaultLifecycleProcessor  : Stopping beans in phase 0
2017-03-11 23:48:13.881  INFO 1296 --- [RMI TCP Connection(2)-192.168.25.6] o.s.i.endpoint.EventDrivenConsumer       : Removing {logging-channel-adapter:_org.springframework.integration.errorLogger} as a subscriber to the 'errorChannel' channel
2017-03-11 23:48:13.881  INFO 1296 --- [RMI TCP Connection(2)-192.168.25.6] o.s.i.channel.PublishSubscribeChannel    : Channel 'application:8080.errorChannel' has 0 subscriber(s).
2017-03-11 23:48:13.881  INFO 1296 --- [RMI TCP Connection(2)-192.168.25.6] o.s.i.endpoint.EventDrivenConsumer       : stopped _org.springframework.integration.errorLogger
2017-03-11 23:48:13.897  INFO 1296 --- [RMI TCP Connection(2)-192.168.25.6] o.s.s.c.ThreadPoolTaskScheduler          : Shutting down ExecutorService 'taskScheduler'
2017-03-11 23:48:13.897  INFO 1296 --- [RMI TCP Connection(2)-192.168.25.6] o.s.i.monitor.IntegrationMBeanExporter   : Unregistering JMX-exposed beans on shutdown
2017-03-11 23:48:13.897  INFO 1296 --- [RMI TCP Connection(2)-192.168.25.6] o.s.i.monitor.IntegrationMBeanExporter   : Unregistering JMX-exposed beans
2017-03-11 23:48:13.897  INFO 1296 --- [RMI TCP Connection(2)-192.168.25.6] o.s.i.monitor.IntegrationMBeanExporter   : Summary on shutdown: nullChannel
2017-03-11 23:48:13.897  INFO 1296 --- [RMI TCP Connection(2)-192.168.25.6] o.s.i.monitor.IntegrationMBeanExporter   : Summary on shutdown: errorChannel
2017-03-11 23:48:13.897  INFO 1296 --- [RMI TCP Connection(2)-192.168.25.6] o.s.i.monitor.IntegrationMBeanExporter   : Summary on shutdown: _org.springframework.integration.errorLogger.handler
2017-03-11 23:48:13.897  INFO 1296 --- [RMI TCP Connection(2)-192.168.25.6] o.s.j.e.a.AnnotationMBeanExporter        : Unregistering JMX-exposed beans on shutdown
2017-03-11 23:48:13.897  INFO 1296 --- [RMI TCP Connection(2)-192.168.25.6] o.s.j.e.a.AnnotationMBeanExporter        : Unregistering JMX-exposed beans
2017-03-11 23:48:13.897  INFO 1296 --- [RMI TCP Connection(2)-192.168.25.6] j.LocalContainerEntityManagerFactoryBean : Closing JPA EntityManagerFactory for persistence unit 'default'
2017-03-11 23:48:22.683  INFO 12300 --- [main] br.com.intro.Main                        : Starting Main on AVELL-155-V3 with PID 12300 (C:\Users\Avell\Documents\workspace-sts-3.8.3.RELEASE\Intro\target\classes started by Avell in C:\Users\Avell\Documents\workspace-sts-3.8.3.RELEASE\Intro)
2017-03-11 23:48:22.687  INFO 12300 --- [main] br.com.intro.Main                        : No active profile set, falling back to default profiles: default
2017-03-11 23:48:22.830  INFO 12300 --- [main] ationConfigEmbeddedWebApplicationContext : Refreshing org.springframework.boot.context.embedded.AnnotationConfigEmbeddedWebApplicationContext@7bedc48a: startup date [Sat Mar 11 23:48:22 BRT 2017]; root of context hierarchy
2017-03-11 23:48:25.033  INFO 12300 --- [main] o.s.b.f.config.PropertiesFactoryBean     : Loading properties file from URL [jar:file:/C:/Users/Avell/.m2/repository/org/springframework/integration/spring-integration-core/4.3.5.RELEASE/spring-integration-core-4.3.5.RELEASE.jar!/META-INF/spring.integration.default.properties]
2017-03-11 23:48:25.043  INFO 12300 --- [main] o.s.i.config.IntegrationRegistrar        : No bean named 'integrationHeaderChannelRegistry' has been explicitly defined. Therefore, a default DefaultHeaderChannelRegistry will be created.
2017-03-11 23:48:25.461  INFO 12300 --- [main] faultConfiguringBeanFactoryPostProcessor : No bean named 'errorChannel' has been explicitly defined. Therefore, a default PublishSubscribeChannel will be created.
2017-03-11 23:48:25.471  INFO 12300 --- [main] faultConfiguringBeanFactoryPostProcessor : No bean named 'taskScheduler' has been explicitly defined. Therefore, a default ThreadPoolTaskScheduler will be created.
2017-03-11 23:48:25.756  INFO 12300 --- [main] trationDelegate$BeanPostProcessorChecker : Bean 'org.springframework.transaction.annotation.ProxyTransactionManagementConfiguration' of type [class org.springframework.transaction.annotation.ProxyTransactionManagementConfiguration$$EnhancerBySpringCGLIB$$4edf74b5] is not eligible for getting processed by all BeanPostProcessors (for example: not eligible for auto-proxying)
2017-03-11 23:48:25.894  INFO 12300 --- [main] trationDelegate$BeanPostProcessorChecker : Bean 'org.springframework.cache.annotation.ProxyCachingConfiguration' of type [class org.springframework.cache.annotation.ProxyCachingConfiguration$$EnhancerBySpringCGLIB$$97f1aad3] is not eligible for getting processed by all BeanPostProcessors (for example: not eligible for auto-proxying)
2017-03-11 23:48:25.931  INFO 12300 --- [main] trationDelegate$BeanPostProcessorChecker : Bean 'org.springframework.boot.autoconfigure.cache.CacheAutoConfiguration' of type [class org.springframework.boot.autoconfigure.cache.CacheAutoConfiguration$$EnhancerBySpringCGLIB$$8c656f77] is not eligible for getting processed by all BeanPostProcessors (for example: not eligible for auto-proxying)
2017-03-11 23:48:26.172  INFO 12300 --- [main] trationDelegate$BeanPostProcessorChecker : Bean 'spring.cache-org.springframework.boot.autoconfigure.cache.CacheProperties' of type [class org.springframework.boot.autoconfigure.cache.CacheProperties] is not eligible for getting processed by all BeanPostProcessors (for example: not eligible for auto-proxying)
2017-03-11 23:48:26.186  INFO 12300 --- [main] trationDelegate$BeanPostProcessorChecker : Bean 'org.springframework.boot.autoconfigure.cache.CacheManagerCustomizers' of type [class org.springframework.boot.autoconfigure.cache.CacheManagerCustomizers] is not eligible for getting processed by all BeanPostProcessors (for example: not eligible for auto-proxying)
2017-03-11 23:48:26.203  INFO 12300 --- [main] trationDelegate$BeanPostProcessorChecker : Bean 'org.springframework.boot.autoconfigure.cache.GuavaCacheConfiguration' of type [class org.springframework.boot.autoconfigure.cache.GuavaCacheConfiguration$$EnhancerBySpringCGLIB$$e402a814] is not eligible for getting processed by all BeanPostProcessors (for example: not eligible for auto-proxying)
2017-03-11 23:48:26.227  INFO 12300 --- [main] trationDelegate$BeanPostProcessorChecker : Bean 'cacheManager' of type [class org.springframework.cache.guava.GuavaCacheManager] is not eligible for getting processed by all BeanPostProcessors (for example: not eligible for auto-proxying)
2017-03-11 23:48:26.233  INFO 12300 --- [main] trationDelegate$BeanPostProcessorChecker : Bean 'cacheAutoConfigurationValidator' of type [class org.springframework.boot.autoconfigure.cache.CacheAutoConfiguration$CacheManagerValidator] is not eligible for getting processed by all BeanPostProcessors (for example: not eligible for auto-proxying)
2017-03-11 23:48:26.404  INFO 12300 --- [main] o.s.b.f.config.PropertiesFactoryBean     : Loading properties file from URL [jar:file:/C:/Users/Avell/.m2/repository/org/springframework/integration/spring-integration-core/4.3.5.RELEASE/spring-integration-core-4.3.5.RELEASE.jar!/META-INF/spring.integration.default.properties]
2017-03-11 23:48:26.412  INFO 12300 --- [main] trationDelegate$BeanPostProcessorChecker : Bean 'integrationGlobalProperties' of type [class org.springframework.beans.factory.config.PropertiesFactoryBean] is not eligible for getting processed by all BeanPostProcessors (for example: not eligible for auto-proxying)
2017-03-11 23:48:26.420  INFO 12300 --- [main] trationDelegate$BeanPostProcessorChecker : Bean 'integrationGlobalProperties' of type [class java.util.Properties] is not eligible for getting processed by all BeanPostProcessors (for example: not eligible for auto-proxying)
2017-03-11 23:48:27.093  INFO 12300 --- [main] s.b.c.e.t.TomcatEmbeddedServletContainer : Tomcat initialized with port(s): 8080 (http)
2017-03-11 23:48:27.200  INFO 12300 --- [main] o.apache.catalina.core.StandardService   : Starting service Tomcat
2017-03-11 23:48:27.242  INFO 12300 --- [main] org.apache.catalina.core.StandardEngine  : Starting Servlet Engine: Apache Tomcat/8.5.6
2017-03-11 23:48:27.550  INFO 12300 --- [localhost-startStop-1] o.a.c.c.C.[Tomcat].[localhost].[/]       : Initializing Spring embedded WebApplicationContext
2017-03-11 23:48:27.551  INFO 12300 --- [localhost-startStop-1] o.s.web.context.ContextLoader            : Root WebApplicationContext: initialization completed in 4736 ms
2017-03-11 23:48:28.010  INFO 12300 --- [localhost-startStop-1] o.s.b.w.servlet.ServletRegistrationBean  : Mapping servlet: 'dispatcherServlet' to [/]
2017-03-11 23:48:28.020  INFO 12300 --- [localhost-startStop-1] o.s.b.w.servlet.FilterRegistrationBean   : Mapping filter: 'characterEncodingFilter' to: [/*]
2017-03-11 23:48:28.021  INFO 12300 --- [localhost-startStop-1] o.s.b.w.servlet.FilterRegistrationBean   : Mapping filter: 'hiddenHttpMethodFilter' to: [/*]
2017-03-11 23:48:28.021  INFO 12300 --- [localhost-startStop-1] o.s.b.w.servlet.FilterRegistrationBean   : Mapping filter: 'httpPutFormContentFilter' to: [/*]
2017-03-11 23:48:28.022  INFO 12300 --- [localhost-startStop-1] o.s.b.w.servlet.FilterRegistrationBean   : Mapping filter: 'requestContextFilter' to: [/*]
2017-03-11 23:48:28.512  INFO 12300 --- [main] j.LocalContainerEntityManagerFactoryBean : Building JPA container EntityManagerFactory for persistence unit 'default'
2017-03-11 23:48:30.672  INFO 12300 --- [main] j.LocalContainerEntityManagerFactoryBean : Initialized JPA EntityManagerFactory for persistence unit 'default'
2017-03-11 23:48:31.821  INFO 12300 --- [main] s.w.s.m.m.a.RequestMappingHandlerAdapter : Looking for @ControllerAdvice: org.springframework.boot.context.embedded.AnnotationConfigEmbeddedWebApplicationContext@7bedc48a: startup date [Sat Mar 11 23:48:22 BRT 2017]; root of context hierarchy
2017-03-11 23:48:31.980  INFO 12300 --- [main] s.w.s.m.m.a.RequestMappingHandlerMapping : Mapped "{[/api/pessoa],methods=[PUT]}" onto public br.com.intro.pessoa.PessoaEntity br.com.intro.pessoa.PessoaService.update(br.com.intro.pessoa.PessoaEntity)
2017-03-11 23:48:31.988  INFO 12300 --- [main] s.w.s.m.m.a.RequestMappingHandlerMapping : Mapped "{[/api/pessoa],methods=[POST]}" onto public br.com.intro.pessoa.PessoaEntity br.com.intro.pessoa.PessoaService.insert(br.com.intro.pessoa.PessoaEntity)
2017-03-11 23:48:31.993  INFO 12300 --- [main] s.w.s.m.m.a.RequestMappingHandlerMapping : Mapped "{[/api/pessoa],methods=[GET]}" onto public java.util.List<br.com.intro.pessoa.PessoaEntity> br.com.intro.pessoa.PessoaService.findAll()
2017-03-11 23:48:32.003  INFO 12300 --- [main] s.w.s.m.m.a.RequestMappingHandlerMapping : Mapped "{[/error]}" onto public org.springframework.http.ResponseEntity<java.util.Map<java.lang.String, java.lang.Object>> org.springframework.boot.autoconfigure.web.BasicErrorController.error(javax.servlet.http.HttpServletRequest)
2017-03-11 23:48:32.003  INFO 12300 --- [main] s.w.s.m.m.a.RequestMappingHandlerMapping : Mapped "{[/error],produces=[text/html]}" onto public org.springframework.web.servlet.ModelAndView org.springframework.boot.autoconfigure.web.BasicErrorController.errorHtml(javax.servlet.http.HttpServletRequest,javax.servlet.http.HttpServletResponse)
2017-03-11 23:48:32.147  INFO 12300 --- [main] o.s.w.s.handler.SimpleUrlHandlerMapping  : Mapped URL path [/webjars/**] onto handler of type [class org.springframework.web.servlet.resource.ResourceHttpRequestHandler]
2017-03-11 23:48:32.151  INFO 12300 --- [main] o.s.w.s.handler.SimpleUrlHandlerMapping  : Mapped URL path [/**] onto handler of type [class org.springframework.web.servlet.resource.ResourceHttpRequestHandler]
2017-03-11 23:48:32.346  INFO 12300 --- [main] o.s.w.s.handler.SimpleUrlHandlerMapping  : Mapped URL path [/**/favicon.ico] onto handler of type [class org.springframework.web.servlet.resource.ResourceHttpRequestHandler]
2017-03-11 23:48:32.771  INFO 12300 --- [main] o.s.s.c.ThreadPoolTaskScheduler          : Initializing ExecutorService  'taskScheduler'
2017-03-11 23:48:33.107  INFO 12300 --- [main] o.s.j.e.a.AnnotationMBeanExporter        : Registering beans for JMX exposure on startup
2017-03-11 23:48:33.120  INFO 12300 --- [main] o.s.j.e.a.AnnotationMBeanExporter        : Bean with name 'integrationMbeanExporter' has been autodetected for JMX exposure
2017-03-11 23:48:33.125  INFO 12300 --- [main] o.s.j.e.a.AnnotationMBeanExporter        : Located managed bean 'integrationMbeanExporter': registering with JMX server as MBean [org.springframework.integration.monitor:name=integrationMbeanExporter,type=IntegrationMBeanExporter]
2017-03-11 23:48:33.203  INFO 12300 --- [main] o.s.i.monitor.IntegrationMBeanExporter   : Registering beans for JMX exposure on startup
2017-03-11 23:48:33.205  INFO 12300 --- [main] o.s.i.monitor.IntegrationMBeanExporter   : Registering MessageChannel nullChannel
2017-03-11 23:48:33.226  INFO 12300 --- [main] o.s.i.monitor.IntegrationMBeanExporter   : Located managed bean 'org.springframework.integration:type=MessageChannel,name=nullChannel': registering with JMX server as MBean [org.springframework.integration:type=MessageChannel,name=nullChannel]
2017-03-11 23:48:33.302  INFO 12300 --- [main] o.s.i.monitor.IntegrationMBeanExporter   : Registering MessageChannel errorChannel
2017-03-11 23:48:33.303  INFO 12300 --- [main] o.s.i.monitor.IntegrationMBeanExporter   : Located managed bean 'org.springframework.integration:type=MessageChannel,name=errorChannel': registering with JMX server as MBean [org.springframework.integration:type=MessageChannel,name=errorChannel]
2017-03-11 23:48:33.407  INFO 12300 --- [main] o.s.i.monitor.IntegrationMBeanExporter   : Located managed bean 'org.springframework.integration:type=MessageHandler,name=errorLogger,bean=internal': registering with JMX server as MBean [org.springframework.integration:type=MessageHandler,name=errorLogger,bean=internal]
2017-03-11 23:48:33.458  INFO 12300 --- [main] o.s.c.support.DefaultLifecycleProcessor  : Starting beans in phase 0
2017-03-11 23:48:33.460  INFO 12300 --- [main] o.s.i.endpoint.EventDrivenConsumer       : Adding {logging-channel-adapter:_org.springframework.integration.errorLogger} as a subscriber to the 'errorChannel' channel
2017-03-11 23:48:33.461  INFO 12300 --- [main] o.s.i.channel.PublishSubscribeChannel    : Channel 'application:8080.errorChannel' has 1 subscriber(s).
2017-03-11 23:48:33.461  INFO 12300 --- [main] o.s.i.endpoint.EventDrivenConsumer       : started _org.springframework.integration.errorLogger
2017-03-11 23:48:33.647  INFO 12300 --- [main] s.b.c.e.t.TomcatEmbeddedServletContainer : Tomcat started on port(s): 8080 (http)
2017-03-11 23:48:33.658  INFO 12300 --- [main] br.com.intro.Main                        : Started Main in 11.728 seconds (JVM running for 12.923)
2017-03-11 23:49:37.246  INFO 12300 --- [http-nio-8080-exec-1] o.a.c.c.C.[Tomcat].[localhost].[/]       : Initializing Spring FrameworkServlet 'dispatcherServlet'
2017-03-11 23:49:37.248  INFO 12300 --- [http-nio-8080-exec-1] o.s.web.servlet.DispatcherServlet        : FrameworkServlet 'dispatcherServlet': initialization started
2017-03-11 23:49:37.282  INFO 12300 --- [http-nio-8080-exec-1] o.s.web.servlet.DispatcherServlet        : FrameworkServlet 'dispatcherServlet': initialization completed in 34 ms
2017-03-11 23:57:42.546  INFO 12300 --- [RMI TCP Connection(2)-192.168.25.6] inMXBeanRegistrar$SpringApplicationAdmin : Application shutdown requested.
2017-03-11 23:57:42.552  INFO 12300 --- [RMI TCP Connection(2)-192.168.25.6] ationConfigEmbeddedWebApplicationContext : Closing org.springframework.boot.context.embedded.AnnotationConfigEmbeddedWebApplicationContext@7bedc48a: startup date [Sat Mar 11 23:48:22 BRT 2017]; root of context hierarchy
2017-03-11 23:57:42.552  INFO 12300 --- [RMI TCP Connection(2)-192.168.25.6] o.s.c.support.DefaultLifecycleProcessor  : Stopping beans in phase 0
2017-03-11 23:57:42.552  INFO 12300 --- [RMI TCP Connection(2)-192.168.25.6] o.s.i.endpoint.EventDrivenConsumer       : Removing {logging-channel-adapter:_org.springframework.integration.errorLogger} as a subscriber to the 'errorChannel' channel
2017-03-11 23:57:42.552  INFO 12300 --- [RMI TCP Connection(2)-192.168.25.6] o.s.i.channel.PublishSubscribeChannel    : Channel 'application:8080.errorChannel' has 0 subscriber(s).
2017-03-11 23:57:42.552  INFO 12300 --- [RMI TCP Connection(2)-192.168.25.6] o.s.i.endpoint.EventDrivenConsumer       : stopped _org.springframework.integration.errorLogger
2017-03-11 23:57:42.552  INFO 12300 --- [RMI TCP Connection(2)-192.168.25.6] o.s.s.c.ThreadPoolTaskScheduler          : Shutting down ExecutorService 'taskScheduler'
2017-03-11 23:57:42.552  INFO 12300 --- [RMI TCP Connection(2)-192.168.25.6] o.s.i.monitor.IntegrationMBeanExporter   : Unregistering JMX-exposed beans on shutdown
2017-03-11 23:57:42.552  INFO 12300 --- [RMI TCP Connection(2)-192.168.25.6] o.s.i.monitor.IntegrationMBeanExporter   : Unregistering JMX-exposed beans
2017-03-11 23:57:42.552  INFO 12300 --- [RMI TCP Connection(2)-192.168.25.6] o.s.i.monitor.IntegrationMBeanExporter   : Summary on shutdown: nullChannel
2017-03-11 23:57:42.568  INFO 12300 --- [RMI TCP Connection(2)-192.168.25.6] o.s.i.monitor.IntegrationMBeanExporter   : Summary on shutdown: errorChannel
2017-03-11 23:57:42.568  INFO 12300 --- [RMI TCP Connection(2)-192.168.25.6] o.s.i.monitor.IntegrationMBeanExporter   : Summary on shutdown: _org.springframework.integration.errorLogger.handler
2017-03-11 23:57:42.568  INFO 12300 --- [RMI TCP Connection(2)-192.168.25.6] o.s.j.e.a.AnnotationMBeanExporter        : Unregistering JMX-exposed beans on shutdown
2017-03-11 23:57:42.568  INFO 12300 --- [RMI TCP Connection(2)-192.168.25.6] o.s.j.e.a.AnnotationMBeanExporter        : Unregistering JMX-exposed beans
2017-03-11 23:57:42.568  INFO 12300 --- [RMI TCP Connection(2)-192.168.25.6] j.LocalContainerEntityManagerFactoryBean : Closing JPA EntityManagerFactory for persistence unit 'default'
2017-03-11 23:57:48.801  INFO 10024 --- [main] br.com.intro.Main                        : Starting Main on AVELL-155-V3 with PID 10024 (C:\Users\Avell\Documents\workspace-sts-3.8.3.RELEASE\Intro\target\classes started by Avell in C:\Users\Avell\Documents\workspace-sts-3.8.3.RELEASE\Intro)
2017-03-11 23:57:48.806  INFO 10024 --- [main] br.com.intro.Main                        : No active profile set, falling back to default profiles: default
2017-03-11 23:57:48.901  INFO 10024 --- [main] ationConfigEmbeddedWebApplicationContext : Refreshing org.springframework.boot.context.embedded.AnnotationConfigEmbeddedWebApplicationContext@7bedc48a: startup date [Sat Mar 11 23:57:48 BRT 2017]; root of context hierarchy
2017-03-11 23:57:51.266  INFO 10024 --- [main] o.s.b.f.config.PropertiesFactoryBean     : Loading properties file from URL [jar:file:/C:/Users/Avell/.m2/repository/org/springframework/integration/spring-integration-core/4.3.5.RELEASE/spring-integration-core-4.3.5.RELEASE.jar!/META-INF/spring.integration.default.properties]
2017-03-11 23:57:51.275  INFO 10024 --- [main] o.s.i.config.IntegrationRegistrar        : No bean named 'integrationHeaderChannelRegistry' has been explicitly defined. Therefore, a default DefaultHeaderChannelRegistry will be created.
2017-03-11 23:57:51.736  INFO 10024 --- [main] faultConfiguringBeanFactoryPostProcessor : No bean named 'errorChannel' has been explicitly defined. Therefore, a default PublishSubscribeChannel will be created.
2017-03-11 23:57:51.748  INFO 10024 --- [main] faultConfiguringBeanFactoryPostProcessor : No bean named 'taskScheduler' has been explicitly defined. Therefore, a default ThreadPoolTaskScheduler will be created.
2017-03-11 23:57:52.099  INFO 10024 --- [main] trationDelegate$BeanPostProcessorChecker : Bean 'org.springframework.transaction.annotation.ProxyTransactionManagementConfiguration' of type [class org.springframework.transaction.annotation.ProxyTransactionManagementConfiguration$$EnhancerBySpringCGLIB$$3edb81e7] is not eligible for getting processed by all BeanPostProcessors (for example: not eligible for auto-proxying)
2017-03-11 23:57:52.197  INFO 10024 --- [main] trationDelegate$BeanPostProcessorChecker : Bean 'org.springframework.cache.annotation.ProxyCachingConfiguration' of type [class org.springframework.cache.annotation.ProxyCachingConfiguration$$EnhancerBySpringCGLIB$$87edb805] is not eligible for getting processed by all BeanPostProcessors (for example: not eligible for auto-proxying)
2017-03-11 23:57:52.290  INFO 10024 --- [main] trationDelegate$BeanPostProcessorChecker : Bean 'org.springframework.boot.autoconfigure.cache.CacheAutoConfiguration' of type [class org.springframework.boot.autoconfigure.cache.CacheAutoConfiguration$$EnhancerBySpringCGLIB$$7c617ca9] is not eligible for getting processed by all BeanPostProcessors (for example: not eligible for auto-proxying)
2017-03-11 23:57:52.510  INFO 10024 --- [main] trationDelegate$BeanPostProcessorChecker : Bean 'spring.cache-org.springframework.boot.autoconfigure.cache.CacheProperties' of type [class org.springframework.boot.autoconfigure.cache.CacheProperties] is not eligible for getting processed by all BeanPostProcessors (for example: not eligible for auto-proxying)
2017-03-11 23:57:52.526  INFO 10024 --- [main] trationDelegate$BeanPostProcessorChecker : Bean 'org.springframework.boot.autoconfigure.cache.CacheManagerCustomizers' of type [class org.springframework.boot.autoconfigure.cache.CacheManagerCustomizers] is not eligible for getting processed by all BeanPostProcessors (for example: not eligible for auto-proxying)
2017-03-11 23:57:52.541  INFO 10024 --- [main] trationDelegate$BeanPostProcessorChecker : Bean 'org.springframework.boot.autoconfigure.cache.GuavaCacheConfiguration' of type [class org.springframework.boot.autoconfigure.cache.GuavaCacheConfiguration$$EnhancerBySpringCGLIB$$d3feb546] is not eligible for getting processed by all BeanPostProcessors (for example: not eligible for auto-proxying)
2017-03-11 23:57:52.585  INFO 10024 --- [main] trationDelegate$BeanPostProcessorChecker : Bean 'cacheManager' of type [class org.springframework.cache.guava.GuavaCacheManager] is not eligible for getting processed by all BeanPostProcessors (for example: not eligible for auto-proxying)
2017-03-11 23:57:52.587  INFO 10024 --- [main] trationDelegate$BeanPostProcessorChecker : Bean 'cacheAutoConfigurationValidator' of type [class org.springframework.boot.autoconfigure.cache.CacheAutoConfiguration$CacheManagerValidator] is not eligible for getting processed by all BeanPostProcessors (for example: not eligible for auto-proxying)
2017-03-11 23:57:52.826  INFO 10024 --- [main] o.s.b.f.config.PropertiesFactoryBean     : Loading properties file from URL [jar:file:/C:/Users/Avell/.m2/repository/org/springframework/integration/spring-integration-core/4.3.5.RELEASE/spring-integration-core-4.3.5.RELEASE.jar!/META-INF/spring.integration.default.properties]
2017-03-11 23:57:52.834  INFO 10024 --- [main] trationDelegate$BeanPostProcessorChecker : Bean 'integrationGlobalProperties' of type [class org.springframework.beans.factory.config.PropertiesFactoryBean] is not eligible for getting processed by all BeanPostProcessors (for example: not eligible for auto-proxying)
2017-03-11 23:57:52.837  INFO 10024 --- [main] trationDelegate$BeanPostProcessorChecker : Bean 'integrationGlobalProperties' of type [class java.util.Properties] is not eligible for getting processed by all BeanPostProcessors (for example: not eligible for auto-proxying)
2017-03-11 23:57:53.446  INFO 10024 --- [main] s.b.c.e.t.TomcatEmbeddedServletContainer : Tomcat initialized with port(s): 8080 (http)
2017-03-11 23:57:53.467  INFO 10024 --- [main] o.apache.catalina.core.StandardService   : Starting service Tomcat
2017-03-11 23:57:53.471  INFO 10024 --- [main] org.apache.catalina.core.StandardEngine  : Starting Servlet Engine: Apache Tomcat/8.5.6
2017-03-11 23:57:53.694  INFO 10024 --- [localhost-startStop-1] o.a.c.c.C.[Tomcat].[localhost].[/]       : Initializing Spring embedded WebApplicationContext
2017-03-11 23:57:53.695  INFO 10024 --- [localhost-startStop-1] o.s.web.context.ContextLoader            : Root WebApplicationContext: initialization completed in 4798 ms
2017-03-11 23:57:54.077  INFO 10024 --- [localhost-startStop-1] o.s.b.w.servlet.ServletRegistrationBean  : Mapping servlet: 'dispatcherServlet' to [/]
2017-03-11 23:57:54.092  INFO 10024 --- [localhost-startStop-1] o.s.b.w.servlet.FilterRegistrationBean   : Mapping filter: 'characterEncodingFilter' to: [/*]
2017-03-11 23:57:54.092  INFO 10024 --- [localhost-startStop-1] o.s.b.w.servlet.FilterRegistrationBean   : Mapping filter: 'hiddenHttpMethodFilter' to: [/*]
2017-03-11 23:57:54.092  INFO 10024 --- [localhost-startStop-1] o.s.b.w.servlet.FilterRegistrationBean   : Mapping filter: 'httpPutFormContentFilter' to: [/*]
2017-03-11 23:57:54.092  INFO 10024 --- [localhost-startStop-1] o.s.b.w.servlet.FilterRegistrationBean   : Mapping filter: 'requestContextFilter' to: [/*]
2017-03-11 23:57:54.556  INFO 10024 --- [main] j.LocalContainerEntityManagerFactoryBean : Building JPA container EntityManagerFactory for persistence unit 'default'
2017-03-11 23:57:56.578  INFO 10024 --- [main] j.LocalContainerEntityManagerFactoryBean : Initialized JPA EntityManagerFactory for persistence unit 'default'
2017-03-11 23:57:57.564  INFO 10024 --- [main] s.w.s.m.m.a.RequestMappingHandlerAdapter : Looking for @ControllerAdvice: org.springframework.boot.context.embedded.AnnotationConfigEmbeddedWebApplicationContext@7bedc48a: startup date [Sat Mar 11 23:57:48 BRT 2017]; root of context hierarchy
2017-03-11 23:57:57.702  INFO 10024 --- [main] s.w.s.m.m.a.RequestMappingHandlerMapping : Mapped "{[/api/pessoa],methods=[PUT]}" onto public br.com.intro.pessoa.PessoaEntity br.com.intro.pessoa.PessoaService.update(br.com.intro.pessoa.PessoaEntity)
2017-03-11 23:57:57.710  INFO 10024 --- [main] s.w.s.m.m.a.RequestMappingHandlerMapping : Mapped "{[/api/pessoa/{id}],methods=[DELETE]}" onto public org.springframework.http.ResponseEntity<br.com.intro.pessoa.PessoaEntity> br.com.intro.pessoa.PessoaService.delete(java.lang.Long)
2017-03-11 23:57:57.714  INFO 10024 --- [main] s.w.s.m.m.a.RequestMappingHandlerMapping : Mapped "{[/api/pessoa],methods=[POST]}" onto public br.com.intro.pessoa.PessoaEntity br.com.intro.pessoa.PessoaService.insert(br.com.intro.pessoa.PessoaEntity)
2017-03-11 23:57:57.718  INFO 10024 --- [main] s.w.s.m.m.a.RequestMappingHandlerMapping : Mapped "{[/api/pessoa],methods=[GET]}" onto public java.util.List<br.com.intro.pessoa.PessoaEntity> br.com.intro.pessoa.PessoaService.findAll()
2017-03-11 23:57:57.720  INFO 10024 --- [main] s.w.s.m.m.a.RequestMappingHandlerMapping : Mapped "{[/error]}" onto public org.springframework.http.ResponseEntity<java.util.Map<java.lang.String, java.lang.Object>> org.springframework.boot.autoconfigure.web.BasicErrorController.error(javax.servlet.http.HttpServletRequest)
2017-03-11 23:57:57.724  INFO 10024 --- [main] s.w.s.m.m.a.RequestMappingHandlerMapping : Mapped "{[/error],produces=[text/html]}" onto public org.springframework.web.servlet.ModelAndView org.springframework.boot.autoconfigure.web.BasicErrorController.errorHtml(javax.servlet.http.HttpServletRequest,javax.servlet.http.HttpServletResponse)
2017-03-11 23:57:57.787  INFO 10024 --- [main] o.s.w.s.handler.SimpleUrlHandlerMapping  : Mapped URL path [/webjars/**] onto handler of type [class org.springframework.web.servlet.resource.ResourceHttpRequestHandler]
2017-03-11 23:57:57.788  INFO 10024 --- [main] o.s.w.s.handler.SimpleUrlHandlerMapping  : Mapped URL path [/**] onto handler of type [class org.springframework.web.servlet.resource.ResourceHttpRequestHandler]
2017-03-11 23:57:57.932  INFO 10024 --- [main] o.s.w.s.handler.SimpleUrlHandlerMapping  : Mapped URL path [/**/favicon.ico] onto handler of type [class org.springframework.web.servlet.resource.ResourceHttpRequestHandler]
2017-03-11 23:57:58.370  INFO 10024 --- [main] o.s.s.c.ThreadPoolTaskScheduler          : Initializing ExecutorService  'taskScheduler'
2017-03-11 23:57:58.675  INFO 10024 --- [main] o.s.j.e.a.AnnotationMBeanExporter        : Registering beans for JMX exposure on startup
2017-03-11 23:57:58.688  INFO 10024 --- [main] o.s.j.e.a.AnnotationMBeanExporter        : Bean with name 'integrationMbeanExporter' has been autodetected for JMX exposure
2017-03-11 23:57:58.693  INFO 10024 --- [main] o.s.j.e.a.AnnotationMBeanExporter        : Located managed bean 'integrationMbeanExporter': registering with JMX server as MBean [org.springframework.integration.monitor:name=integrationMbeanExporter,type=IntegrationMBeanExporter]
2017-03-11 23:57:58.799  INFO 10024 --- [main] o.s.i.monitor.IntegrationMBeanExporter   : Registering beans for JMX exposure on startup
2017-03-11 23:57:58.805  INFO 10024 --- [main] o.s.i.monitor.IntegrationMBeanExporter   : Registering MessageChannel nullChannel
2017-03-11 23:57:58.822  INFO 10024 --- [main] o.s.i.monitor.IntegrationMBeanExporter   : Located managed bean 'org.springframework.integration:type=MessageChannel,name=nullChannel': registering with JMX server as MBean [org.springframework.integration:type=MessageChannel,name=nullChannel]
2017-03-11 23:57:58.850  INFO 10024 --- [main] o.s.i.monitor.IntegrationMBeanExporter   : Registering MessageChannel errorChannel
2017-03-11 23:57:58.855  INFO 10024 --- [main] o.s.i.monitor.IntegrationMBeanExporter   : Located managed bean 'org.springframework.integration:type=MessageChannel,name=errorChannel': registering with JMX server as MBean [org.springframework.integration:type=MessageChannel,name=errorChannel]
2017-03-11 23:57:58.922  INFO 10024 --- [main] o.s.i.monitor.IntegrationMBeanExporter   : Located managed bean 'org.springframework.integration:type=MessageHandler,name=errorLogger,bean=internal': registering with JMX server as MBean [org.springframework.integration:type=MessageHandler,name=errorLogger,bean=internal]
2017-03-11 23:57:58.964  INFO 10024 --- [main] o.s.c.support.DefaultLifecycleProcessor  : Starting beans in phase 0
2017-03-11 23:57:58.965  INFO 10024 --- [main] o.s.i.endpoint.EventDrivenConsumer       : Adding {logging-channel-adapter:_org.springframework.integration.errorLogger} as a subscriber to the 'errorChannel' channel
2017-03-11 23:57:58.966  INFO 10024 --- [main] o.s.i.channel.PublishSubscribeChannel    : Channel 'application:8080.errorChannel' has 1 subscriber(s).
2017-03-11 23:57:58.966  INFO 10024 --- [main] o.s.i.endpoint.EventDrivenConsumer       : started _org.springframework.integration.errorLogger
2017-03-11 23:57:59.079  INFO 10024 --- [main] s.b.c.e.t.TomcatEmbeddedServletContainer : Tomcat started on port(s): 8080 (http)
2017-03-11 23:57:59.090  INFO 10024 --- [main] br.com.intro.Main                        : Started Main in 11.052 seconds (JVM running for 12.219)
2017-03-11 23:59:30.244  INFO 10024 --- [http-nio-8080-exec-1] o.a.c.c.C.[Tomcat].[localhost].[/]       : Initializing Spring FrameworkServlet 'dispatcherServlet'
2017-03-11 23:59:30.248  INFO 10024 --- [http-nio-8080-exec-1] o.s.web.servlet.DispatcherServlet        : FrameworkServlet 'dispatcherServlet': initialization started
2017-03-11 23:59:30.289  INFO 10024 --- [http-nio-8080-exec-1] o.s.web.servlet.DispatcherServlet        : FrameworkServlet 'dispatcherServlet': initialization completed in 38 ms
